Unity Editor version:    2022.3.43f1 (85497d293fa1)
Branch:                  2022.3/staging
Build type:              Release
Batch mode:              YES
System name:             Linux
Distro version:          #1 ZEN SMP PREEMPT_DYNAMIC Tue, 10 Sep 2024 15:17:22 +0000
Kernel version:          6.10.9-zen1-2-zen
Architecture:            x86_64
Available memory:        15812 MB
Using pre-set license
Pro License: YES

(Unity:6990): Gtk-CRITICAL **: 18:16:02.372: gtk_window_set_default_icon: assertion 'GDK_IS_PIXBUF (icon)' failed

(Unity:6990): GLib-GObject-CRITICAL **: 18:16:02.372: g_object_unref: assertion 'G_IS_OBJECT (object)' failed
Desktop is 3840 x 1080 @ 60 Hz
Initialize udev device monitor.

COMMAND LINE ARGUMENTS:
Unity
-adb2
-batchMode
-noUpm
-name
AssetImportWorker0
-projectPath
/home/huyico/Documents/WorkSpace/MuckRebirth
-logFile
Logs/AssetImportWorker0.log
-srvPort
33437
Successfully changed project path to: /home/huyico/Documents/WorkSpace/MuckRebirth
/home/huyico/Documents/WorkSpace/MuckRebirth
[UnityMemory] Configuration Parameters - Can be set up in boot.config
    "memorysetup-bucket-allocator-granularity=16"
    "memorysetup-bucket-allocator-bucket-count=8"
    "memorysetup-bucket-allocator-block-size=33554432"
    "memorysetup-bucket-allocator-block-count=8"
    "memorysetup-main-allocator-block-size=16777216"
    "memorysetup-thread-allocator-block-size=16777216"
    "memorysetup-gfx-main-allocator-block-size=16777216"
    "memorysetup-gfx-thread-allocator-block-size=16777216"
    "memorysetup-cache-allocator-block-size=4194304"
    "memorysetup-typetree-allocator-block-size=2097152"
    "memorysetup-profiler-bucket-allocator-granularity=16"
    "memorysetup-profiler-bucket-allocator-bucket-count=8"
    "memorysetup-profiler-bucket-allocator-block-size=33554432"
    "memorysetup-profiler-bucket-allocator-block-count=8"
    "memorysetup-profiler-allocator-block-size=16777216"
    "memorysetup-profiler-editor-allocator-block-size=1048576"
    "memorysetup-temp-allocator-size-main=16777216"
    "memorysetup-job-temp-allocator-block-size=2097152"
    "memorysetup-job-temp-allocator-block-size-background=1048576"
    "memorysetup-job-temp-allocator-reduction-small-platforms=262144"
    "memorysetup-allocator-temp-initial-block-size-main=262144"
    "memorysetup-allocator-temp-initial-block-size-worker=262144"
    "memorysetup-temp-allocator-size-background-worker=32768"
    "memorysetup-temp-allocator-size-job-worker=262144"
    "memorysetup-temp-allocator-size-preload-manager=33554432"
    "memorysetup-temp-allocator-size-nav-mesh-worker=65536"
    "memorysetup-temp-allocator-size-audio-worker=65536"
    "memorysetup-temp-allocator-size-cloud-worker=32768"
    "memorysetup-temp-allocator-size-gi-baking-worker=262144"
    "memorysetup-temp-allocator-size-gfx=262144"
Player connection [132816985572096]  Target information:

Player connection [132816985572096]  * "[IP] 192.168.100.104 [Port] 0 [Flags] 2 [Guid] 2298903200 [EditorId] 2298903200 [Version] 1048832 [Id] LinuxEditor(16,192.168.100.104) [Debug] 1 [PackageName] LinuxEditor [ProjectName] Editor" 

Player connection [132816985572096] Host joined multi-casting on [225.0.0.222:54997]...
Player connection [132816985572096] Host joined alternative multi-casting on [225.0.0.222:34997]...
[PhysX] Initialized MultithreadedTaskDispatcher with 12 workers.
Refreshing native plugins compatible for Editor in 3,84 ms, found 0 plugins.
Preloading 0 native plugins for Editor in 0,00 ms.
Initialize engine version: 2022.3.43f1 (85497d293fa1)
[Subsystems] Discovering subsystems at path /home/huyico/Unity/Hub/Editor/2022.3.43f1/Editor/Data/Resources/UnitySubsystems
[Subsystems] Discovering subsystems at path /home/huyico/Documents/WorkSpace/MuckRebirth/Assets
GLX Extensions: GLX_ARB_context_flush_control GLX_ARB_create_context GLX_ARB_create_context_no_error GLX_ARB_create_context_profile GLX_ARB_create_context_robustness GLX_ARB_fbconfig_float GLX_ARB_framebuffer_sRGB GLX_ARB_get_proc_address GLX_ARB_multisample GLX_EXT_buffer_age GLX_EXT_create_context_es2_profile GLX_EXT_create_context_es_profile GLX_EXT_fbconfig_packed_float GLX_EXT_framebuffer_sRGB GLX_EXT_no_config_context GLX_EXT_swap_control GLX_EXT_swap_control_tear GLX_EXT_texture_from_pixmap GLX_EXT_visual_info GLX_EXT_visual_rating GLX_INTEL_swap_event GLX_MESA_copy_sub_buffer GLX_MESA_gl_interop GLX_MESA_query_renderer GLX_MESA_swap_control GLX_OML_sync_control GLX_SGIS_multisample GLX_SGIX_fbconfig GLX_SGIX_pbuffer GLX_SGIX_visual_select_group GLX_SGI_make_current_read GLX_SGI_swap_control GLX_SGI_video_sync 
Renderer: Mesa Intel(R) UHD Graphics (CML GT2)
Vendor:   Intel
Version:  4.6 (Core Profile) Mesa 24.2.2-arch1.1
GLES:     0
 GL_3DFX_texture_compression_FXT1 GL_AMD_conservative_depth GL_AMD_depth_clamp_separate GL_AMD_draw_buffers_blend GL_AMD_gpu_shader_int64 GL_AMD_multi_draw_indirect GL_AMD_performance_monitor GL_AMD_pinned_memory GL_AMD_query_buffer_object GL_AMD_seamless_cubemap_per_texture GL_AMD_shader_stencil_export GL_AMD_shader_trinary_minmax GL_AMD_texture_texture4 GL_AMD_vertex_shader_layer GL_AMD_vertex_shader_viewport_index GL_ANGLE_texture_compression_dxt3 GL_ANGLE_texture_compression_dxt5 GL_ARB_ES2_compatibility GL_ARB_ES3_1_compatibility GL_ARB_ES3_2_compatibility GL_ARB_ES3_compatibility GL_ARB_arrays_of_arrays GL_ARB_base_instance GL_ARB_blend_func_extended GL_ARB_buffer_storage GL_ARB_clear_buffer_object GL_ARB_clear_texture GL_ARB_clip_control GL_ARB_compressed_texture_pixel_storage GL_ARB_compute_shader GL_ARB_compute_variable_group_size GL_ARB_conditional_render_inverted GL_ARB_conservative_depth GL_ARB_copy_buffer GL_ARB_copy_image GL_ARB_cull_distance GL_ARB_debug_output GL_ARB_depth_buffer_float GL_ARB
_depth_clamp GL_ARB_derivative_control GL_ARB_direct_state_access GL_ARB_draw_buffers GL_ARB_draw_buffers_blend GL_ARB_draw_elements_base_vertex GL_ARB_draw_indirect GL_ARB_draw_instanced GL_ARB_enhanced_layouts GL_ARB_explicit_attrib_location GL_ARB_explicit_uniform_location GL_ARB_fragment_coord_conventions GL_ARB_fragment_layer_viewport GL_ARB_fragment_shader GL_ARB_fragment_shader_interlock GL_ARB_framebuffer_no_attachments GL_ARB_framebuffer_object GL_ARB_framebuffer_sRGB GL_ARB_get_program_binary GL_ARB_get_texture_sub_image GL_ARB_gl_spirv GL_ARB_gpu_shader5 GL_ARB_gpu_shader_fp64 GL_ARB_gpu_shader_int64 GL_ARB_half_float_pixel GL_ARB_half_float_vertex GL_ARB_indirect_parameters GL_ARB_instanced_arrays GL_ARB_internalformat_query GL_ARB_internalformat_query2 GL_ARB_invalidate_subdata GL_ARB_map_buffer_alignment GL_ARB_map_buffer_range GL_ARB_multi_bind GL_ARB_multi_draw_indirect GL_ARB_occlusion_query2 GL_ARB_parallel_shader_compile GL_ARB_pipeline_statistics_query GL_ARB_pixel_buffer_object GL_ARB_po
int_sprite GL_ARB_polygon_offset_clamp GL_ARB_post_depth_coverage GL_ARB_program_interface_query GL_ARB_provoking_vertex GL_ARB_query_buffer_object GL_ARB_robust_buffer_access_behavior GL_ARB_robustness GL_ARB_sample_shading GL_ARB_sampler_objects GL_ARB_seamless_cube_map GL_ARB_seamless_cubemap_per_texture GL_ARB_separate_shader_objects GL_ARB_shader_atomic_counter_ops GL_ARB_shader_atomic_counters GL_ARB_shader_ballot GL_ARB_shader_bit_encoding GL_ARB_shader_clock GL_ARB_shader_draw_parameters GL_ARB_shader_group_vote GL_ARB_shader_image_load_store GL_ARB_shader_image_size GL_ARB_shader_objects GL_ARB_shader_precision GL_ARB_shader_stencil_export GL_ARB_shader_storage_buffer_object GL_ARB_shader_subroutine GL_ARB_shader_texture_image_samples GL_ARB_shader_texture_lod GL_ARB_shader_viewport_layer_array GL_ARB_shading_language_420pack GL_ARB_shading_language_include GL_ARB_shading_language_packing GL_ARB_spirv_extensions GL_ARB_stencil_texturing GL_ARB_sync GL_ARB_tessellation_shader GL_ARB_texture_barrier G
L_ARB_texture_border_clamp GL_ARB_texture_buffer_object GL_ARB_texture_buffer_object_rgb32 GL_ARB_texture_buffer_range GL_ARB_texture_compression_bptc GL_ARB_texture_compression_rgtc GL_ARB_texture_cube_map_array GL_ARB_texture_filter_anisotropic GL_ARB_texture_float GL_ARB_texture_gather GL_ARB_texture_mirror_clamp_to_edge GL_ARB_texture_multisample GL_ARB_texture_non_power_of_two GL_ARB_texture_query_levels GL_ARB_texture_query_lod GL_ARB_texture_rectangle GL_ARB_texture_rg GL_ARB_texture_rgb10_a2ui GL_ARB_texture_stencil8 GL_ARB_texture_storage GL_ARB_texture_storage_multisample GL_ARB_texture_swizzle GL_ARB_texture_view GL_ARB_timer_query GL_ARB_transform_feedback2 GL_ARB_transform_feedback3 GL_ARB_transform_feedback_instanced GL_ARB_transform_feedback_overflow_query GL_ARB_uniform_buffer_object GL_ARB_vertex_array_bgra GL_ARB_vertex_array_object GL_ARB_vertex_attrib_64bit GL_ARB_vertex_attrib_binding GL_ARB_vertex_buffer_object GL_ARB_vertex_shader GL_ARB_vertex_type_10f_11f_11f_rev GL_ARB_vertex_type_2
_10_10_10_rev GL_ARB_viewport_array GL_ATI_blend_equation_separate GL_ATI_texture_float GL_EXT_EGL_image_storage GL_EXT_EGL_image_storage_compression GL_EXT_EGL_sync GL_EXT_abgr GL_EXT_blend_equation_separate GL_EXT_debug_label GL_EXT_demote_to_helper_invocation GL_EXT_draw_buffers2 GL_EXT_draw_instanced GL_EXT_framebuffer_blit GL_EXT_framebuffer_multisample GL_EXT_framebuffer_multisample_blit_scaled GL_EXT_framebuffer_object GL_EXT_framebuffer_sRGB GL_EXT_memory_object GL_EXT_memory_object_fd GL_EXT_packed_depth_stencil GL_EXT_packed_float GL_EXT_pixel_buffer_object GL_EXT_polygon_offset_clamp GL_EXT_provoking_vertex GL_EXT_semaphore GL_EXT_semaphore_fd GL_EXT_shader_framebuffer_fetch GL_EXT_shader_framebuffer_fetch_non_coherent GL_EXT_shader_integer_mix GL_EXT_shader_samples_identical GL_EXT_texture_array GL_EXT_texture_compression_dxt1 GL_EXT_texture_compression_rgtc GL_EXT_texture_compression_s3tc GL_EXT_texture_filter_anisotropic GL_EXT_texture_integer GL_EXT_texture_sRGB GL_EXT_texture_sRGB_R8 GL_EXT_t
exture_sRGB_decode GL_EXT_texture_shadow_lod GL_EXT_texture_shared_exponent GL_EXT_texture_snorm GL_EXT_texture_storage GL_EXT_texture_swizzle GL_EXT_timer_query GL_EXT_transform_feedback GL_EXT_vertex_array_bgra GL_EXT_vertex_attrib_64bit GL_IBM_multimode_draw_arrays GL_INTEL_blackhole_render GL_INTEL_conservative_rasterization GL_INTEL_performance_query GL_INTEL_shader_atomic_float_minmax GL_INTEL_shader_integer_functions2 GL_KHR_blend_equation_advanced GL_KHR_blend_equation_advanced_coherent GL_KHR_context_flush_control GL_KHR_debug GL_KHR_no_error GL_KHR_parallel_shader_compile GL_KHR_robust_buffer_access_behavior GL_KHR_robustness GL_KHR_texture_compression_astc_ldr GL_KHR_texture_compression_astc_sliced_3d GL_MESA_framebuffer_flip_y GL_MESA_pack_invert GL_MESA_shader_integer_functions GL_MESA_texture_const_bandwidth GL_MESA_texture_signed_rgba GL_NV_alpha_to_coverage_dither_control GL_NV_compute_shader_derivatives GL_NV_conditional_render GL_NV_copy_image GL_NV_depth_clamp GL_NV_fragment_shader_interlo
ck GL_NV_packed_depth_stencil GL_NV_texture_barrier GL_OES_EGL_image GL_S3_s3tc
OPENGL LOG: Creating OpenGL 4.6 graphics device ; Context level  <OpenGL 4.5> ; Context handle -1543737120
Initialize mono
Mono path[0] = '/home/huyico/Unity/Hub/Editor/2022.3.43f1/Editor/Data/Managed'
Mono path[1] = '/home/huyico/Unity/Hub/Editor/2022.3.43f1/Editor/Data/MonoBleedingEdge/lib/mono/unityjit-linux'
Mono config path = '/home/huyico/Unity/Hub/Editor/2022.3.43f1/Editor/Data/MonoBleedingEdge/etc'
Using monoOptions --debugger-agent=transport=dt_socket,embedding=1,server=y,suspend=n,address=127.0.0.1:56990
Begin MonoManager ReloadAssembly
Registering precompiled unity dll's ...
Register platform support module: /home/huyico/Unity/Hub/Editor/2022.3.43f1/Editor/Data/PlaybackEngines/LinuxStandaloneSupport/UnityEditor.LinuxStandalone.Extensions.dll
Registered in 0,004592 seconds.
- Loaded All Assemblies, in  0,276 seconds
Native extension for LinuxStandalone target not found
Mono: successfully reloaded assembly
- Finished resetting the current domain, in  0,268 seconds
Domain Reload Profiling: 544ms
	BeginReloadAssembly (57ms)
		ExecutionOrderSort (0ms)
		DisableScriptedObjects (0ms)
		BackupInstance (0ms)
		ReleaseScriptingObjects (0ms)
		CreateAndSetChildDomain (1ms)
	RebuildCommonClasses (32ms)
	RebuildNativeTypeToScriptingClass (7ms)
	initialDomainReloadingComplete (54ms)
	LoadAllAssembliesAndSetupDomain (127ms)
		LoadAssemblies (56ms)
		RebuildTransferFunctionScriptingTraits (0ms)
		AnalyzeDomain (125ms)
			TypeCache.Refresh (125ms)
				TypeCache.ScanAssembly (113ms)
			ScanForSourceGeneratedMonoScriptInfo (0ms)
			ResolveRequiredComponents (0ms)
	FinalizeReload (268ms)
		ReleaseScriptCaches (0ms)
		RebuildScriptCaches (0ms)
		SetupLoadedEditorAssemblies (224ms)
			LogAssemblyErrors (0ms)
			InitializePlatformSupportModulesInManaged (30ms)
			SetLoadedEditorAssemblies (13ms)
			RefreshPlugins (0ms)
			BeforeProcessingInitializeOnLoad (2ms)
			ProcessInitializeOnLoadAttributes (134ms)
			ProcessInitializeOnLoadMethodAttributes (45ms)
			AfterProcessingInitializeOnLoad (0ms)
			EditorAssembliesLoaded (0ms)
		ExecutionOrderSort2 (0ms)
		AwakeInstancesAfterBackupRestoration (0ms)
========================================================================
Worker process is ready to serve import requests
Caller must complete domain reload
Begin MonoManager ReloadAssembly
Symbol file LoadedFromMemory is not a mono symbol file
- Loaded All Assemblies, in  0,583 seconds
Native extension for LinuxStandalone target not found
Package Manager log level set to [2]
[Package Manager] Server::EnsureServerProcessIsRunning -- launch failed, reason: Unity was launched with the -noUpm command-line argument
[Package Manager] UpmClient::Send -- Unable to send message (not connected to UPM process).
[Package Manager] Cannot connect to Unity Package Manager local server
Mono: successfully reloaded assembly
- Finished resetting the current domain, in  0,657 seconds
Domain Reload Profiling: 1240ms
	BeginReloadAssembly (136ms)
		ExecutionOrderSort (0ms)
		DisableScriptedObjects (5ms)
		BackupInstance (0ms)
		ReleaseScriptingObjects (0ms)
		CreateAndSetChildDomain (42ms)
	RebuildCommonClasses (34ms)
	RebuildNativeTypeToScriptingClass (7ms)
	initialDomainReloadingComplete (40ms)
	LoadAllAssembliesAndSetupDomain (366ms)
		LoadAssemblies (213ms)
		RebuildTransferFunctionScriptingTraits (0ms)
		AnalyzeDomain (209ms)
			TypeCache.Refresh (179ms)
				TypeCache.ScanAssembly (160ms)
			ScanForSourceGeneratedMonoScriptInfo (25ms)
			ResolveRequiredComponents (5ms)
	FinalizeReload (657ms)
		ReleaseScriptCaches (0ms)
		RebuildScriptCaches (0ms)
		SetupLoadedEditorAssemblies (512ms)
			LogAssemblyErrors (0ms)
			InitializePlatformSupportModulesInManaged (24ms)
			SetLoadedEditorAssemblies (4ms)
			RefreshPlugins (0ms)
			BeforeProcessingInitializeOnLoad (62ms)
			ProcessInitializeOnLoadAttributes (266ms)
			ProcessInitializeOnLoadMethodAttributes (153ms)
			AfterProcessingInitializeOnLoad (3ms)
			EditorAssembliesLoaded (0ms)
		ExecutionOrderSort2 (0ms)
		AwakeInstancesAfterBackupRestoration (4ms)
Launched and connected shader compiler UnityShaderCompiler after 0.01 seconds
Refreshing native plugins compatible for Editor in 2.21 ms, found 0 plugins.
Preloading 0 native plugins for Editor in 0.00 ms.
Unloading 4216 Unused Serialized files (Serialized files now loaded: 0)
Unloading 27 unused Assets / (46.2 KB). Loaded Objects now: 4685.
Memory consumption went from 139.2 MB to 139.2 MB.
Total: 8.398812 ms (FindLiveObjects: 0.240196 ms CreateObjectMapping: 0.329075 ms MarkObjects: 7.659274 ms  DeleteObjects: 0.169123 ms)

AssetImportParameters requested are different than current active one (requested -> active):
  custom:container-demuxer-ogg: 62fdf1f143b41e24485cea50d1cbac27 -> 
  custom:video-decoder-ogg-theora: a1e56fd34408186e4bbccfd4996cb3dc -> 
  custom:CustomObjectIndexerAttribute: 232f87dd983dbecb2a4e21e08eb2cef8 -> 
  custom:container-demuxer-webm: 4f35f7cbe854078d1ac9338744f61a02 -> 
  custom:container-muxer-webm: aa71ff27fc2769a1b78a27578f13a17b -> 
  custom:video-decoder-webm-vp8: 9c59270c3fd7afecdb556c50c9e8de78 -> 
  custom:SearchIndexIgnoredProperties: e643bd26f0fe6173181afceb89e7c659 -> 
  custom:AudioImporter_EditorPlatform: 2f0ff77a95e0ac474e3e8eeba4e2f7cb -> 
  custom:video-encoder-webm-vp8: eb34c28f22e8b96e1ab97ce403110664 -> 
  custom:audio-decoder-ogg-vorbis: bf7c407c2cedff20999df2af8eb42d56 -> 
  custom:audio-encoder-webm-vorbis: bf7c407c2cedff20999df2af8eb42d56 -> 
========================================================================
Received Prepare
Caller must complete domain reload
Begin MonoManager ReloadAssembly
Symbol file LoadedFromMemory is not a mono symbol file
- Loaded All Assemblies, in  0.346 seconds
Native extension for LinuxStandalone target not found
[Package Manager] Server::EnsureServerProcessIsRunning -- launch failed, reason: Unity was launched with the -noUpm command-line argument
[Package Manager] UpmClient::Send -- Unable to send message (not connected to UPM process).
[Package Manager] Cannot connect to Unity Package Manager local server
Mono: successfully reloaded assembly
- Finished resetting the current domain, in  0.757 seconds
Domain Reload Profiling: 1102ms
	BeginReloadAssembly (111ms)
		ExecutionOrderSort (0ms)
		DisableScriptedObjects (5ms)
		BackupInstance (0ms)
		ReleaseScriptingObjects (0ms)
		CreateAndSetChildDomain (37ms)
	RebuildCommonClasses (33ms)
	RebuildNativeTypeToScriptingClass (7ms)
	initialDomainReloadingComplete (23ms)
	LoadAllAssembliesAndSetupDomain (170ms)
		LoadAssemblies (190ms)
		RebuildTransferFunctionScriptingTraits (0ms)
		AnalyzeDomain (21ms)
			TypeCache.Refresh (10ms)
				TypeCache.ScanAssembly (0ms)
			ScanForSourceGeneratedMonoScriptInfo (6ms)
			ResolveRequiredComponents (5ms)
	FinalizeReload (757ms)
		ReleaseScriptCaches (0ms)
		RebuildScriptCaches (0ms)
		SetupLoadedEditorAssemblies (458ms)
			LogAssemblyErrors (0ms)
			InitializePlatformSupportModulesInManaged (23ms)
			SetLoadedEditorAssemblies (4ms)
			RefreshPlugins (0ms)
			BeforeProcessingInitializeOnLoad (60ms)
			ProcessInitializeOnLoadAttributes (231ms)
			ProcessInitializeOnLoadMethodAttributes (136ms)
			AfterProcessingInitializeOnLoad (3ms)
			EditorAssembliesLoaded (0ms)
		ExecutionOrderSort2 (0ms)
		AwakeInstancesAfterBackupRestoration (4ms)
Refreshing native plugins compatible for Editor in 2.17 ms, found 0 plugins.
Preloading 0 native plugins for Editor in 0.00 ms.
Unloading 4210 Unused Serialized files (Serialized files now loaded: 0)
Unloading 18 unused Assets / (29.4 KB). Loaded Objects now: 4689.
Memory consumption went from 138.2 MB to 138.2 MB.
Total: 6.857974 ms (FindLiveObjects: 0.226016 ms CreateObjectMapping: 0.244572 ms MarkObjects: 6.337750 ms  DeleteObjects: 0.048521 ms)

Prepare: number of updated asset objects reloaded= 0
AssetImportParameters requested are different than current active one (requested -> active):
  custom:container-demuxer-ogg: 62fdf1f143b41e24485cea50d1cbac27 -> 
  custom:video-decoder-ogg-theora: a1e56fd34408186e4bbccfd4996cb3dc -> 
  custom:CustomObjectIndexerAttribute: 232f87dd983dbecb2a4e21e08eb2cef8 -> 
  custom:container-demuxer-webm: 4f35f7cbe854078d1ac9338744f61a02 -> 
  custom:container-muxer-webm: aa71ff27fc2769a1b78a27578f13a17b -> 
  custom:video-decoder-webm-vp8: 9c59270c3fd7afecdb556c50c9e8de78 -> 
  custom:SearchIndexIgnoredProperties: e643bd26f0fe6173181afceb89e7c659 -> 
  custom:AudioImporter_EditorPlatform: 2f0ff77a95e0ac474e3e8eeba4e2f7cb -> 
  custom:video-encoder-webm-vp8: eb34c28f22e8b96e1ab97ce403110664 -> 
  custom:audio-decoder-ogg-vorbis: bf7c407c2cedff20999df2af8eb42d56 -> 
  custom:audio-encoder-webm-vorbis: bf7c407c2cedff20999df2af8eb42d56 -> 
  custom:scripting/precompiled-assembly-types:Assembly-CSharp-Editor: e6d5a6118c37693d36b0d4cbb813eec2 -> 
  custom:scripting/monoscript/fileName/MaterialTilingOffset.cs: 177870a57c6ddea286fd7c7bf34bf1b7 -> 
========================================================================
Received Import Request.
  Time since last request: 428.754680 seconds.
  path: Assets/New Terrain 1.asset
  artifactKey: Guid(987061cb54c5c054c875bb36eb8cecd6) Importer(2089858483,0ecaa5967403d082aa24f35e1b516d23)
Start importing Assets/New Terrain 1.asset using Guid(987061cb54c5c054c875bb36eb8cecd6) Importer(2089858483,0ecaa5967403d082aa24f35e1b516d23) [PhysX] Initialized MultithreadedTaskDispatcher with 12 workers.
 -> (artifact id: '4ec1fcfa1e085ecfbc47bd2b9f051c55') in 0.077920 seconds
Number of updated asset objects reloaded before import = 0
Number of asset objects unloaded after import = 1
========================================================================
Received Import Request.
  Time since last request: 0.000015 seconds.
  path: Assets/Prefabs/forest low poly- Exceptional 3D/glb/tree.glb
  artifactKey: Guid(7cb71eb857325e442bcd38d71c8243b3) Importer(2089858483,0ecaa5967403d082aa24f35e1b516d23)
Start importing Assets/Prefabs/forest low poly- Exceptional 3D/glb/tree.glb using Guid(7cb71eb857325e442bcd38d71c8243b3) Importer(2089858483,0ecaa5967403d082aa24f35e1b516d23) [PhysX] Initialized MultithreadedTaskDispatcher with 12 workers.
 -> (artifact id: 'b02ff08b8a4395ad841c7d1f2f52626d') in 0.002211 seconds
Number of updated asset objects reloaded before import = 0
Number of asset objects unloaded after import = 1
========================================================================
Received Import Request.
  Time since last request: 0.000013 seconds.
  path: Assets/Prefabs/forest low poly- Exceptional 3D/fbx/rocks.fbx
  artifactKey: Guid(5fa1510aa025b1647a1d4421ed025c6c) Importer(2089858483,0ecaa5967403d082aa24f35e1b516d23)
Start importing Assets/Prefabs/forest low poly- Exceptional 3D/fbx/rocks.fbx using Guid(5fa1510aa025b1647a1d4421ed025c6c) Importer(2089858483,0ecaa5967403d082aa24f35e1b516d23) [PhysX] Initialized MultithreadedTaskDispatcher with 12 workers.
 -> (artifact id: 'd70130f43912709153d189d893140229') in 0.076088 seconds
Number of updated asset objects reloaded before import = 0
Number of asset objects unloaded after import = 26
========================================================================
Received Import Request.
  Time since last request: 0.000022 seconds.
  path: Assets/Prefabs/forest low poly- Exceptional 3D/dae/pixels.jpg.002.jpg
  artifactKey: Guid(88adbb1cb8c5c1040826bb4334a1cd3d) Importer(2089858483,0ecaa5967403d082aa24f35e1b516d23)
Start importing Assets/Prefabs/forest low poly- Exceptional 3D/dae/pixels.jpg.002.jpg using Guid(88adbb1cb8c5c1040826bb4334a1cd3d) Importer(2089858483,0ecaa5967403d082aa24f35e1b516d23) [PhysX] Initialized MultithreadedTaskDispatcher with 12 workers.
 -> (artifact id: 'ac9dcabbb5f8151dd7b359d762d4cc68') in 0.057402 seconds
Number of updated asset objects reloaded before import = 0
Number of asset objects unloaded after import = 1
========================================================================
Received Import Request.
  Time since last request: 0.000024 seconds.
  path: Assets/Blink/Art/Animations/Animations_Starter_Pack/Movement/RunRight.fbx
  artifactKey: Guid(5120a970404f418419c83af871d9a022) Importer(2089858483,0ecaa5967403d082aa24f35e1b516d23)
Start importing Assets/Blink/Art/Animations/Animations_Starter_Pack/Movement/RunRight.fbx using Guid(5120a970404f418419c83af871d9a022) Importer(2089858483,0ecaa5967403d082aa24f35e1b516d23) [PhysX] Initialized MultithreadedTaskDispatcher with 12 workers.
 -> (artifact id: 'd595847e1b192ba08371f86698989df8') in 0.028249 seconds
Number of updated asset objects reloaded before import = 0
Number of asset objects unloaded after import = 180
========================================================================
Received Import Request.
  Time since last request: 0.000011 seconds.
  path: Assets/Tree_Textures/diffuse.png
  artifactKey: Guid(cdd3f8f93be3a3f44802caf66b1abdc3) Importer(2089858483,0ecaa5967403d082aa24f35e1b516d23)
Start importing Assets/Tree_Textures/diffuse.png using Guid(cdd3f8f93be3a3f44802caf66b1abdc3) Importer(2089858483,0ecaa5967403d082aa24f35e1b516d23) [PhysX] Initialized MultithreadedTaskDispatcher with 12 workers.
 -> (artifact id: '3c00e63f2ce2b3f2656517486536d00d') in 0.008084 seconds
Number of updated asset objects reloaded before import = 0
Number of asset objects unloaded after import = 1
========================================================================
Received Import Request.
  Time since last request: 0.000010 seconds.
  path: Assets/Blink/Art/Characters/LowPoly/FREE_HumanLowPoly/Meshes_Humans/HumanMale_Character.fbx
  artifactKey: Guid(de13a7420582ded45a8d7d3f96889aca) Importer(2089858483,0ecaa5967403d082aa24f35e1b516d23)
Start importing Assets/Blink/Art/Characters/LowPoly/FREE_HumanLowPoly/Meshes_Humans/HumanMale_Character.fbx using Guid(de13a7420582ded45a8d7d3f96889aca) Importer(2089858483,0ecaa5967403d082aa24f35e1b516d23) [PhysX] Initialized MultithreadedTaskDispatcher with 12 workers.
 -> (artifact id: 'b93d3df29b4f7622377cfb0da5c88eaa') in 0.030844 seconds
Number of updated asset objects reloaded before import = 0
Number of asset objects unloaded after import = 249
========================================================================
Received Import Request.
  Time since last request: 0.000019 seconds.
  path: Assets/Animation/Player/RunForward.fbx
  artifactKey: Guid(081930da5e255e348940373200bbeaca) Importer(2089858483,0ecaa5967403d082aa24f35e1b516d23)
Start importing Assets/Animation/Player/RunForward.fbx using Guid(081930da5e255e348940373200bbeaca) Importer(2089858483,0ecaa5967403d082aa24f35e1b516d23) [PhysX] Initialized MultithreadedTaskDispatcher with 12 workers.
 -> (artifact id: '3b2a3ff49b6a21c0aee0eb4113475eaf') in 0.020120 seconds
Number of updated asset objects reloaded before import = 0
Number of asset objects unloaded after import = 180
========================================================================
Received Import Request.
  Time since last request: 0.000015 seconds.
  path: Assets/Scripts/Map/TerrainType.cs
  artifactKey: Guid(d5a28b4af4ac42d4d90c69a2d3e7a3f8) Importer(2089858483,0ecaa5967403d082aa24f35e1b516d23)
Start importing Assets/Scripts/Map/TerrainType.cs using Guid(d5a28b4af4ac42d4d90c69a2d3e7a3f8) Importer(2089858483,0ecaa5967403d082aa24f35e1b516d23) [PhysX] Initialized MultithreadedTaskDispatcher with 12 workers.
 -> (artifact id: '861a14b89ba17125d99249fe063058c0') in 0.003017 seconds
Number of updated asset objects reloaded before import = 0
Number of asset objects unloaded after import = 1
========================================================================
Received Import Request.
  Time since last request: 0.000014 seconds.
  path: Assets/Blink/Art/Characters/LowPoly/Demo_FREE_LowPolyCharacter/LowPolyHumanAnimator.controller
  artifactKey: Guid(4c7fe8e1a3919c549a79a706afefd1ce) Importer(2089858483,0ecaa5967403d082aa24f35e1b516d23)
Start importing Assets/Blink/Art/Characters/LowPoly/Demo_FREE_LowPolyCharacter/LowPolyHumanAnimator.controller using Guid(4c7fe8e1a3919c549a79a706afefd1ce) Importer(2089858483,0ecaa5967403d082aa24f35e1b516d23) [PhysX] Initialized MultithreadedTaskDispatcher with 12 workers.
 -> (artifact id: '4e864f0ff7d1a0700b86f0612b87c1e8') in 0.003972 seconds
Number of updated asset objects reloaded before import = 0
Number of asset objects unloaded after import = 4
========================================================================
Received Import Request.
  Time since last request: 0.000014 seconds.
  path: Assets/Prefabs/forest low poly- Exceptional 3D/fbx/grass.fbx
  artifactKey: Guid(29ac6e78e8cd9f54a8a5ceb464e5ef29) Importer(2089858483,0ecaa5967403d082aa24f35e1b516d23)
Start importing Assets/Prefabs/forest low poly- Exceptional 3D/fbx/grass.fbx using Guid(29ac6e78e8cd9f54a8a5ceb464e5ef29) Importer(2089858483,0ecaa5967403d082aa24f35e1b516d23) [PhysX] Initialized MultithreadedTaskDispatcher with 12 workers.
 -> (artifact id: '9d209b7ccabe7d5095313d5d7408d8b1') in 0.013103 seconds
Number of updated asset objects reloaded before import = 0
Number of asset objects unloaded after import = 26
========================================================================
Received Import Request.
  Time since last request: 0.000015 seconds.
  path: Assets/Blink/Art/Animations/Animations_Starter_Pack/Movement/RunLeft.fbx
  artifactKey: Guid(eee239821c2dee4429fa8125a1fd6023) Importer(2089858483,0ecaa5967403d082aa24f35e1b516d23)
Start importing Assets/Blink/Art/Animations/Animations_Starter_Pack/Movement/RunLeft.fbx using Guid(eee239821c2dee4429fa8125a1fd6023) Importer(2089858483,0ecaa5967403d082aa24f35e1b516d23) [PhysX] Initialized MultithreadedTaskDispatcher with 12 workers.
 -> (artifact id: '7a56fdcacf9d94cb269ea48451f8fdc6') in 0.016357 seconds
Number of updated asset objects reloaded before import = 0
Number of asset objects unloaded after import = 180
========================================================================
Received Import Request.
  Time since last request: 0.000015 seconds.
  path: Assets/Scripts/Map/FalloffGenerator.cs
  artifactKey: Guid(ef7642f3988703a41bbb664b46cb4eea) Importer(2089858483,0ecaa5967403d082aa24f35e1b516d23)
Start importing Assets/Scripts/Map/FalloffGenerator.cs using Guid(ef7642f3988703a41bbb664b46cb4eea) Importer(2089858483,0ecaa5967403d082aa24f35e1b516d23) [PhysX] Initialized MultithreadedTaskDispatcher with 12 workers.
 -> (artifact id: 'ceb5bf380b4681e30b7482fd553cdba6') in 0.001991 seconds
Number of updated asset objects reloaded before import = 0
Number of asset objects unloaded after import = 1
========================================================================
Received Import Request.
  Time since last request: 0.000011 seconds.
  path: Assets/Prefabs/forest low poly- Exceptional 3D/dae/grass.dae
  artifactKey: Guid(457c06587b741b347890837bbb80747b) Importer(2089858483,0ecaa5967403d082aa24f35e1b516d23)
Start importing Assets/Prefabs/forest low poly- Exceptional 3D/dae/grass.dae using Guid(457c06587b741b347890837bbb80747b) Importer(2089858483,0ecaa5967403d082aa24f35e1b516d23) [PhysX] Initialized MultithreadedTaskDispatcher with 12 workers.
 -> (artifact id: 'de40ba4a8284a3d40a56a47e1f9454aa') in 0.012302 seconds
Number of updated asset objects reloaded before import = 0
Number of asset objects unloaded after import = 26
========================================================================
Received Import Request.
  Time since last request: 0.000012 seconds.
  path: Assets/Prefabs/forest low poly- Exceptional 3D/dae/pixels.jpg.003.jpg
  artifactKey: Guid(84a305696c7caa54a837305429f572f6) Importer(2089858483,0ecaa5967403d082aa24f35e1b516d23)
Start importing Assets/Prefabs/forest low poly- Exceptional 3D/dae/pixels.jpg.003.jpg using Guid(84a305696c7caa54a837305429f572f6) Importer(2089858483,0ecaa5967403d082aa24f35e1b516d23) [PhysX] Initialized MultithreadedTaskDispatcher with 12 workers.
 -> (artifact id: 'a9a35aebf86ddf413dfff6c24038090a') in 0.006699 seconds
Number of updated asset objects reloaded before import = 0
Number of asset objects unloaded after import = 1
========================================================================
Received Import Request.
  Time since last request: 0.000012 seconds.
  path: Assets/Scripts/Control/PlayerManager.cs
  artifactKey: Guid(17433044822fc257b985c375501d9b95) Importer(2089858483,0ecaa5967403d082aa24f35e1b516d23)
Start importing Assets/Scripts/Control/PlayerManager.cs using Guid(17433044822fc257b985c375501d9b95) Importer(2089858483,0ecaa5967403d082aa24f35e1b516d23) [PhysX] Initialized MultithreadedTaskDispatcher with 12 workers.
 -> (artifact id: '69541d0266279fc77824737b0cea7476') in 0.002115 seconds
Number of updated asset objects reloaded before import = 0
Number of asset objects unloaded after import = 1
========================================================================
Received Import Request.
  Time since last request: 0.000016 seconds.
  path: Assets/Blink/Art/Animations/Animations_Starter_Pack/Combat/PunchRight.fbx
  artifactKey: Guid(b4ed12fcea5716a4b88a664cf716cfc6) Importer(2089858483,0ecaa5967403d082aa24f35e1b516d23)
Start importing Assets/Blink/Art/Animations/Animations_Starter_Pack/Combat/PunchRight.fbx using Guid(b4ed12fcea5716a4b88a664cf716cfc6) Importer(2089858483,0ecaa5967403d082aa24f35e1b516d23) [PhysX] Initialized MultithreadedTaskDispatcher with 12 workers.
 -> (artifact id: '5d239513f8d73c8bdf63fed9024ff436') in 0.019684 seconds
Number of updated asset objects reloaded before import = 0
Number of asset objects unloaded after import = 180
========================================================================
Received Import Request.
  Time since last request: 0.000014 seconds.
  path: Assets/Animation/Player/Jumps.fbx
  artifactKey: Guid(ab54d1b34370dbe4d896efebb96535ef) Importer(2089858483,0ecaa5967403d082aa24f35e1b516d23)
Start importing Assets/Animation/Player/Jumps.fbx using Guid(ab54d1b34370dbe4d896efebb96535ef) Importer(2089858483,0ecaa5967403d082aa24f35e1b516d23) [PhysX] Initialized MultithreadedTaskDispatcher with 12 workers.
 -> (artifact id: 'f8cf3c0de5bfaf4e831ece33a065e6ac') in 0.018198 seconds
Number of updated asset objects reloaded before import = 0
Number of asset objects unloaded after import = 182
========================================================================
Received Import Request.
  Time since last request: 0.000014 seconds.
  path: Assets/Prefabs/forest low poly- Exceptional 3D/fbx/small tree.fbx
  artifactKey: Guid(be62b8384ee13be42ab6fce1065002f3) Importer(2089858483,0ecaa5967403d082aa24f35e1b516d23)
Start importing Assets/Prefabs/forest low poly- Exceptional 3D/fbx/small tree.fbx using Guid(be62b8384ee13be42ab6fce1065002f3) Importer(2089858483,0ecaa5967403d082aa24f35e1b516d23) [PhysX] Initialized MultithreadedTaskDispatcher with 12 workers.
 -> (artifact id: 'b1cf10a695177a9dbfc381d8ab9de137') in 0.015664 seconds
Number of updated asset objects reloaded before import = 0
Number of asset objects unloaded after import = 36
========================================================================
Received Import Request.
  Time since last request: 0.000016 seconds.
  path: Assets/Tree_Textures/normal_specular.png
  artifactKey: Guid(8db32ab2425f4ef42a75044e153119b6) Importer(2089858483,0ecaa5967403d082aa24f35e1b516d23)
Start importing Assets/Tree_Textures/normal_specular.png using Guid(8db32ab2425f4ef42a75044e153119b6) Importer(2089858483,0ecaa5967403d082aa24f35e1b516d23) [PhysX] Initialized MultithreadedTaskDispatcher with 12 workers.
 -> (artifact id: 'b6d23bf5054ce243ee45c273601b36e8') in 0.006626 seconds
Number of updated asset objects reloaded before import = 0
Number of asset objects unloaded after import = 1
========================================================================
Received Import Request.
  Time since last request: 0.000060 seconds.
  path: Assets/Blink/Art/Animations/Animations_Starter_Pack/Combat/PunchLeft.fbx
  artifactKey: Guid(d193a764e528253418a9c8161269688c) Importer(2089858483,0ecaa5967403d082aa24f35e1b516d23)
Start importing Assets/Blink/Art/Animations/Animations_Starter_Pack/Combat/PunchLeft.fbx using Guid(d193a764e528253418a9c8161269688c) Importer(2089858483,0ecaa5967403d082aa24f35e1b516d23) [PhysX] Initialized MultithreadedTaskDispatcher with 12 workers.
 -> (artifact id: 'f9838fb43d281ecd322690502d968015') in 0.016341 seconds
Number of updated asset objects reloaded before import = 0
Number of asset objects unloaded after import = 180
========================================================================
Received Import Request.
  Time since last request: 0.000011 seconds.
  path: Assets/Prefabs/forest low poly- Exceptional 3D/dae/pixels.jpg.001.jpg
  artifactKey: Guid(ac81023f0410f9e46b4cee4291d10d13) Importer(2089858483,0ecaa5967403d082aa24f35e1b516d23)
Start importing Assets/Prefabs/forest low poly- Exceptional 3D/dae/pixels.jpg.001.jpg using Guid(ac81023f0410f9e46b4cee4291d10d13) Importer(2089858483,0ecaa5967403d082aa24f35e1b516d23) [PhysX] Initialized MultithreadedTaskDispatcher with 12 workers.
 -> (artifact id: '93680be114fbc29dc9e0e0057739bcc2') in 0.008992 seconds
Number of updated asset objects reloaded before import = 0
Number of asset objects unloaded after import = 1
========================================================================
Received Import Request.
  Time since last request: 0.000016 seconds.
  path: Assets/Scripts/Control/PlayerControl.cs
  artifactKey: Guid(9d69b982323b9a84fbbaca227f485929) Importer(2089858483,0ecaa5967403d082aa24f35e1b516d23)
Start importing Assets/Scripts/Control/PlayerControl.cs using Guid(9d69b982323b9a84fbbaca227f485929) Importer(2089858483,0ecaa5967403d082aa24f35e1b516d23) [PhysX] Initialized MultithreadedTaskDispatcher with 12 workers.
 -> (artifact id: 'd0ed2dc3f8f05141efab260f9e097424') in 0.002132 seconds
Number of updated asset objects reloaded before import = 0
Number of asset objects unloaded after import = 1
========================================================================
Received Import Request.
  Time since last request: 0.000013 seconds.
  path: Assets/Scripts/Noise/NoiseGenerator.cs
  artifactKey: Guid(eba48b6b701b5944a8cfeb6ce8bbca22) Importer(2089858483,0ecaa5967403d082aa24f35e1b516d23)
Start importing Assets/Scripts/Noise/NoiseGenerator.cs using Guid(eba48b6b701b5944a8cfeb6ce8bbca22) Importer(2089858483,0ecaa5967403d082aa24f35e1b516d23) [PhysX] Initialized MultithreadedTaskDispatcher with 12 workers.
 -> (artifact id: '11a0ffc89143a2ab65fa1151e84f8543') in 0.002312 seconds
Number of updated asset objects reloaded before import = 0
Number of asset objects unloaded after import = 1
========================================================================
Received Import Request.
  Time since last request: 0.000012 seconds.
  path: Assets/Prefabs/forest low poly- Exceptional 3D/dae/pixels.jpg
  artifactKey: Guid(cf13ee4a43d54754aa35beab0b3efea0) Importer(2089858483,0ecaa5967403d082aa24f35e1b516d23)
Start importing Assets/Prefabs/forest low poly- Exceptional 3D/dae/pixels.jpg using Guid(cf13ee4a43d54754aa35beab0b3efea0) Importer(2089858483,0ecaa5967403d082aa24f35e1b516d23) [PhysX] Initialized MultithreadedTaskDispatcher with 12 workers.
 -> (artifact id: '2e17161a12f34b374260e4e90d6ab372') in 0.009759 seconds
Number of updated asset objects reloaded before import = 0
Number of asset objects unloaded after import = 1
========================================================================
Received Import Request.
  Time since last request: 0.000017 seconds.
  path: Assets/Prefabs/forest low poly- Exceptional 3D/dae/pixels.jpg.004.jpg
  artifactKey: Guid(b242707683fa0e849850b68a73946e5f) Importer(2089858483,0ecaa5967403d082aa24f35e1b516d23)
Start importing Assets/Prefabs/forest low poly- Exceptional 3D/dae/pixels.jpg.004.jpg using Guid(b242707683fa0e849850b68a73946e5f) Importer(2089858483,0ecaa5967403d082aa24f35e1b516d23) [PhysX] Initialized MultithreadedTaskDispatcher with 12 workers.
 -> (artifact id: '62733ff772ee125852340379673b657a') in 0.008239 seconds
Number of updated asset objects reloaded before import = 0
Number of asset objects unloaded after import = 1
========================================================================
Received Import Request.
  Time since last request: 0.000014 seconds.
  path: Assets/Scripts/Map/MapGenerator.cs
  artifactKey: Guid(986569cc22119b8468f7f7bce4030e7e) Importer(2089858483,0ecaa5967403d082aa24f35e1b516d23)
Start importing Assets/Scripts/Map/MapGenerator.cs using Guid(986569cc22119b8468f7f7bce4030e7e) Importer(2089858483,0ecaa5967403d082aa24f35e1b516d23) [PhysX] Initialized MultithreadedTaskDispatcher with 12 workers.
 -> (artifact id: '723e93fcdc814906e0432cf4437ab2b8') in 0.002549 seconds
Number of updated asset objects reloaded before import = 0
Number of asset objects unloaded after import = 1
========================================================================
Received Import Request.
  Time since last request: 0.000015 seconds.
  path: Assets/Blink/Art/Animations/Animations_Starter_Pack/Combat/SpellCast.fbx
  artifactKey: Guid(afb2e0e8e5b867f49ad94f4e813c3570) Importer(2089858483,0ecaa5967403d082aa24f35e1b516d23)
Start importing Assets/Blink/Art/Animations/Animations_Starter_Pack/Combat/SpellCast.fbx using Guid(afb2e0e8e5b867f49ad94f4e813c3570) Importer(2089858483,0ecaa5967403d082aa24f35e1b516d23) [PhysX] Initialized MultithreadedTaskDispatcher with 12 workers.
 -> (artifact id: '02b87de576f619e0383a736d220c94d7') in 0.026343 seconds
Number of updated asset objects reloaded before import = 0
Number of asset objects unloaded after import = 182
========================================================================
Received Import Request.
  Time since last request: 0.000011 seconds.
  path: Assets/Scripts/Control/Input Manager.cs
  artifactKey: Guid(5e6613d9fa24b26b4b637d012bcf79c2) Importer(2089858483,0ecaa5967403d082aa24f35e1b516d23)
Start importing Assets/Scripts/Control/Input Manager.cs using Guid(5e6613d9fa24b26b4b637d012bcf79c2) Importer(2089858483,0ecaa5967403d082aa24f35e1b516d23) [PhysX] Initialized MultithreadedTaskDispatcher with 12 workers.
 -> (artifact id: 'ede6642565282ced4ae69f26a0ec163e') in 0.002042 seconds
Number of updated asset objects reloaded before import = 0
Number of asset objects unloaded after import = 1
========================================================================
Received Import Request.
  Time since last request: 0.000012 seconds.
  path: Assets/Blink/Art/Animations/Animations_Starter_Pack/Movement/RollLeft.fbx
  artifactKey: Guid(7593128404f726548964f394a5d15132) Importer(2089858483,0ecaa5967403d082aa24f35e1b516d23)
Start importing Assets/Blink/Art/Animations/Animations_Starter_Pack/Movement/RollLeft.fbx using Guid(7593128404f726548964f394a5d15132) Importer(2089858483,0ecaa5967403d082aa24f35e1b516d23) [PhysX] Initialized MultithreadedTaskDispatcher with 12 workers.
 -> (artifact id: '64d699b0e570f929c5f70062b8581f16') in 0.021282 seconds
Number of updated asset objects reloaded before import = 0
Number of asset objects unloaded after import = 180
========================================================================
Received Import Request.
  Time since last request: 0.000019 seconds.
  path: Assets/Scripts/Control/PlayerControl.inputactions
  artifactKey: Guid(9185a1ef25c470264a879b7c8ccd16d7) Importer(2089858483,0ecaa5967403d082aa24f35e1b516d23)
Start importing Assets/Scripts/Control/PlayerControl.inputactions using Guid(9185a1ef25c470264a879b7c8ccd16d7) Importer(2089858483,0ecaa5967403d082aa24f35e1b516d23) [PhysX] Initialized MultithreadedTaskDispatcher with 12 workers.
 -> (artifact id: '9896bd86cfa2514d3de48a345288b788') in 0.003310 seconds
Number of updated asset objects reloaded before import = 0
Number of asset objects unloaded after import = 1
========================================================================
Received Import Request.
  Time since last request: 0.000043 seconds.
  path: Assets/Blink/Art/Characters/LowPoly/Editor/MaterialTilingOffset.cs
  artifactKey: Guid(01004a4afbd91a24794adfea429426fb) Importer(2089858483,0ecaa5967403d082aa24f35e1b516d23)
Start importing Assets/Blink/Art/Characters/LowPoly/Editor/MaterialTilingOffset.cs using Guid(01004a4afbd91a24794adfea429426fb) Importer(2089858483,0ecaa5967403d082aa24f35e1b516d23) [PhysX] Initialized MultithreadedTaskDispatcher with 12 workers.
 -> (artifact id: '69a06f6df32dc956fc0f766901716fc2') in 0.003945 seconds
Number of updated asset objects reloaded before import = 0
Number of asset objects unloaded after import = 1
========================================================================
Received Import Request.
  Time since last request: 0.000013 seconds.
  path: Assets/Blink/Art/Animations/Animations_Starter_Pack/Combat/MeleeAttack_TwoHanded.fbx
  artifactKey: Guid(337a802e1a50ad746827a890f372c41e) Importer(2089858483,0ecaa5967403d082aa24f35e1b516d23)
Start importing Assets/Blink/Art/Animations/Animations_Starter_Pack/Combat/MeleeAttack_TwoHanded.fbx using Guid(337a802e1a50ad746827a890f372c41e) Importer(2089858483,0ecaa5967403d082aa24f35e1b516d23) [PhysX] Initialized MultithreadedTaskDispatcher with 12 workers.
 -> (artifact id: '07ed643bfaa110b2c517dbd5f3f904ca') in 0.022003 seconds
Number of updated asset objects reloaded before import = 0
Number of asset objects unloaded after import = 180
========================================================================
Received Import Request.
  Time since last request: 0.000011 seconds.
  path: Assets/Blink/Art/Characters/LowPoly/FREE_HumanLowPoly/Materials_Humans/Armor.mat
  artifactKey: Guid(22e7fb49e2b49e0418ef97b61b1c8db5) Importer(2089858483,0ecaa5967403d082aa24f35e1b516d23)
Start importing Assets/Blink/Art/Characters/LowPoly/FREE_HumanLowPoly/Materials_Humans/Armor.mat using Guid(22e7fb49e2b49e0418ef97b61b1c8db5) Importer(2089858483,0ecaa5967403d082aa24f35e1b516d23) [PhysX] Initialized MultithreadedTaskDispatcher with 12 workers.
 -> (artifact id: '5133e50a26c68d83b1c67ee4ee9561b0') in 0.044007 seconds
Number of updated asset objects reloaded before import = 0
Number of asset objects unloaded after import = 2
========================================================================
Received Import Request.
  Time since last request: 0.000013 seconds.
  path: Assets/Blink/Art/Characters/LowPoly/FREE_HumanLowPoly/Meshes_Humans/ArmorMeshes_Humans/PlateSet1_HumanMale.fbx
  artifactKey: Guid(10399581d9d41a44bb8984ec628263dd) Importer(2089858483,0ecaa5967403d082aa24f35e1b516d23)
Start importing Assets/Blink/Art/Characters/LowPoly/FREE_HumanLowPoly/Meshes_Humans/ArmorMeshes_Humans/PlateSet1_HumanMale.fbx using Guid(10399581d9d41a44bb8984ec628263dd) Importer(2089858483,0ecaa5967403d082aa24f35e1b516d23) [PhysX] Initialized MultithreadedTaskDispatcher with 12 workers.
 -> (artifact id: '08b46c1c9e5ee04a10f176e7ed104f91') in 0.020428 seconds
Number of updated asset objects reloaded before import = 0
Number of asset objects unloaded after import = 197
========================================================================
Received Import Request.
  Time since last request: 0.000015 seconds.
  path: Assets/Blink/Art/Animations/Animations_Starter_Pack/Combat/MeleeAttack_OneHanded.fbx
  artifactKey: Guid(3d7c10dfb76b352458c6ee3cf1acd54f) Importer(2089858483,0ecaa5967403d082aa24f35e1b516d23)
Start importing Assets/Blink/Art/Animations/Animations_Starter_Pack/Combat/MeleeAttack_OneHanded.fbx using Guid(3d7c10dfb76b352458c6ee3cf1acd54f) Importer(2089858483,0ecaa5967403d082aa24f35e1b516d23) [PhysX] Initialized MultithreadedTaskDispatcher with 12 workers.
 -> (artifact id: '8c30a4e01f10dbee9e83cd1ed199ee88') in 0.017617 seconds
Number of updated asset objects reloaded before import = 0
Number of asset objects unloaded after import = 180
========================================================================
Received Import Request.
  Time since last request: 0.000019 seconds.
  path: Assets/Blink/Art/Animations/Animations_Starter_Pack/Movement/RunBackwardRight.fbx
  artifactKey: Guid(4d66907684f47e542ab56147b39501fa) Importer(2089858483,0ecaa5967403d082aa24f35e1b516d23)
Start importing Assets/Blink/Art/Animations/Animations_Starter_Pack/Movement/RunBackwardRight.fbx using Guid(4d66907684f47e542ab56147b39501fa) Importer(2089858483,0ecaa5967403d082aa24f35e1b516d23) [PhysX] Initialized MultithreadedTaskDispatcher with 12 workers.
 -> (artifact id: '2a4eaadc090931546dcc3d856477a6ae') in 0.022934 seconds
Number of updated asset objects reloaded before import = 0
Number of asset objects unloaded after import = 180
========================================================================
Received Import Request.
  Time since last request: 0.000014 seconds.
  path: Assets/Scripts/Control/PlayerLocotion.cs
  artifactKey: Guid(0a868553c83f37564bd566ed158f39ac) Importer(2089858483,0ecaa5967403d082aa24f35e1b516d23)
Start importing Assets/Scripts/Control/PlayerLocotion.cs using Guid(0a868553c83f37564bd566ed158f39ac) Importer(2089858483,0ecaa5967403d082aa24f35e1b516d23) [PhysX] Initialized MultithreadedTaskDispatcher with 12 workers.
 -> (artifact id: '4dca20f9d0f13ee88bb168d27585ecfe') in 0.002947 seconds
Number of updated asset objects reloaded before import = 0
Number of asset objects unloaded after import = 1
========================================================================
Received Import Request.
  Time since last request: 0.000015 seconds.
  path: Assets/Blink/Art/Animations/Animations_Starter_Pack/Movement/FallingLoop.fbx
  artifactKey: Guid(988fefd40c70c4243ac399fce021190a) Importer(2089858483,0ecaa5967403d082aa24f35e1b516d23)
Start importing Assets/Blink/Art/Animations/Animations_Starter_Pack/Movement/FallingLoop.fbx using Guid(988fefd40c70c4243ac399fce021190a) Importer(2089858483,0ecaa5967403d082aa24f35e1b516d23) [PhysX] Initialized MultithreadedTaskDispatcher with 12 workers.
 -> (artifact id: '4fa91af75656fc3bdc56972088bbf6e3') in 0.020397 seconds
Number of updated asset objects reloaded before import = 0
Number of asset objects unloaded after import = 180
========================================================================
Received Import Request.
  Time since last request: 0.000013 seconds.
  path: Assets/Prefabs/forest low poly- Exceptional 3D/fbx/big tree.fbx
  artifactKey: Guid(ada0ec2522522d34e92ac1b0dc32238d) Importer(2089858483,0ecaa5967403d082aa24f35e1b516d23)
Start importing Assets/Prefabs/forest low poly- Exceptional 3D/fbx/big tree.fbx using Guid(ada0ec2522522d34e92ac1b0dc32238d) Importer(2089858483,0ecaa5967403d082aa24f35e1b516d23) [PhysX] Initialized MultithreadedTaskDispatcher with 12 workers.
 -> (artifact id: 'b246ea30d018670f351ee0a3e3ef55d8') in 0.021659 seconds
Number of updated asset objects reloaded before import = 0
Number of asset objects unloaded after import = 36
========================================================================
Received Import Request.
  Time since last request: 0.000024 seconds.
  path: Assets/Resources/BillingMode.json
  artifactKey: Guid(a338b548cb48d3847935fadcf27a95d9) Importer(2089858483,0ecaa5967403d082aa24f35e1b516d23)
Start importing Assets/Resources/BillingMode.json using Guid(a338b548cb48d3847935fadcf27a95d9) Importer(2089858483,0ecaa5967403d082aa24f35e1b516d23) [PhysX] Initialized MultithreadedTaskDispatcher with 12 workers.
 -> (artifact id: '310ff43f880f8a22563feaceedf4f832') in 0.001800 seconds
Number of updated asset objects reloaded before import = 0
Number of asset objects unloaded after import = 1
========================================================================
Received Import Request.
  Time since last request: 0.000015 seconds.
  path: Assets/Prefabs/forest low poly- Exceptional 3D/dae/rocks.dae
  artifactKey: Guid(aea4497878f6f004d8cd9690a0abf7a2) Importer(2089858483,0ecaa5967403d082aa24f35e1b516d23)
Start importing Assets/Prefabs/forest low poly- Exceptional 3D/dae/rocks.dae using Guid(aea4497878f6f004d8cd9690a0abf7a2) Importer(2089858483,0ecaa5967403d082aa24f35e1b516d23) [PhysX] Initialized MultithreadedTaskDispatcher with 12 workers.
 -> (artifact id: '656c5afbee77ba8d5f683784e606dddf') in 0.016721 seconds
Number of updated asset objects reloaded before import = 0
Number of asset objects unloaded after import = 26
========================================================================
Received Import Request.
  Time since last request: 0.000014 seconds.
  path: Assets/Scripts/Map/TreePlacement.cs
  artifactKey: Guid(cb53c346c03c8084ea74e743926276d5) Importer(2089858483,0ecaa5967403d082aa24f35e1b516d23)
Start importing Assets/Scripts/Map/TreePlacement.cs using Guid(cb53c346c03c8084ea74e743926276d5) Importer(2089858483,0ecaa5967403d082aa24f35e1b516d23) [PhysX] Initialized MultithreadedTaskDispatcher with 12 workers.
 -> (artifact id: '1721b5471639e1693085b7ad5224d1ac') in 0.003417 seconds
Number of updated asset objects reloaded before import = 0
Number of asset objects unloaded after import = 1
========================================================================
Received Import Request.
  Time since last request: 0.000043 seconds.
  path: Assets/Animation/Player/Sprint.fbx
  artifactKey: Guid(dcacd08f98af5794db5b56a6a66048e7) Importer(2089858483,0ecaa5967403d082aa24f35e1b516d23)
Start importing Assets/Animation/Player/Sprint.fbx using Guid(dcacd08f98af5794db5b56a6a66048e7) Importer(2089858483,0ecaa5967403d082aa24f35e1b516d23) [PhysX] Initialized MultithreadedTaskDispatcher with 12 workers.
 -> (artifact id: '485a50b7180eec1e9ed7800ca049ee97') in 0.026695 seconds
Number of updated asset objects reloaded before import = 0
Number of asset objects unloaded after import = 178
========================================================================
Received Import Request.
  Time since last request: 0.000019 seconds.
  path: Assets/Scripts/Map/TreePlacementEditor.cs
  artifactKey: Guid(20cf6155a42dd4c42b6d760d42cb8f91) Importer(2089858483,0ecaa5967403d082aa24f35e1b516d23)
Start importing Assets/Scripts/Map/TreePlacementEditor.cs using Guid(20cf6155a42dd4c42b6d760d42cb8f91) Importer(2089858483,0ecaa5967403d082aa24f35e1b516d23) [PhysX] Initialized MultithreadedTaskDispatcher with 12 workers.
 -> (artifact id: '8f5008110385249acd5385899e75bbf9') in 0.003368 seconds
Number of updated asset objects reloaded before import = 0
Number of asset objects unloaded after import = 1
========================================================================
Received Import Request.
  Time since last request: 0.000019 seconds.
  path: Assets/Scripts/Map/MapTextureGenerator.cs
  artifactKey: Guid(2cd8ddbe98ef29e44972e8b4bddf544e) Importer(2089858483,0ecaa5967403d082aa24f35e1b516d23)
Start importing Assets/Scripts/Map/MapTextureGenerator.cs using Guid(2cd8ddbe98ef29e44972e8b4bddf544e) Importer(2089858483,0ecaa5967403d082aa24f35e1b516d23) [PhysX] Initialized MultithreadedTaskDispatcher with 12 workers.
 -> (artifact id: '424b7d4bdd36eac303997835840ef351') in 0.003511 seconds
Number of updated asset objects reloaded before import = 0
Number of asset objects unloaded after import = 1
========================================================================
Received Import Request.
  Time since last request: 0.000027 seconds.
  path: Assets/Prefabs/forest low poly- Exceptional 3D/glb/big tree.glb
  artifactKey: Guid(e4c9a1933aadd10409325d60181d62bd) Importer(2089858483,0ecaa5967403d082aa24f35e1b516d23)
Start importing Assets/Prefabs/forest low poly- Exceptional 3D/glb/big tree.glb using Guid(e4c9a1933aadd10409325d60181d62bd) Importer(2089858483,0ecaa5967403d082aa24f35e1b516d23) [PhysX] Initialized MultithreadedTaskDispatcher with 12 workers.
 -> (artifact id: '14a879e69e3215ae044da5a944f0054f') in 0.002342 seconds
Number of updated asset objects reloaded before import = 0
Number of asset objects unloaded after import = 1
========================================================================
Received Import Request.
  Time since last request: 0.000012 seconds.
  path: Assets/Prefabs/forest low poly- Exceptional 3D/glb/small tree.glb
  artifactKey: Guid(30b86311f877cd144953d4020884c7fe) Importer(2089858483,0ecaa5967403d082aa24f35e1b516d23)
Start importing Assets/Prefabs/forest low poly- Exceptional 3D/glb/small tree.glb using Guid(30b86311f877cd144953d4020884c7fe) Importer(2089858483,0ecaa5967403d082aa24f35e1b516d23) [PhysX] Initialized MultithreadedTaskDispatcher with 12 workers.
 -> (artifact id: '432f967c67b7360c17c5a9666e2c6169') in 0.001668 seconds
Number of updated asset objects reloaded before import = 0
Number of asset objects unloaded after import = 1
========================================================================
Received Import Request.
  Time since last request: 0.000025 seconds.
  path: Assets/Prefabs/forest low poly- Exceptional 3D/glb/cherry tree.glb
  artifactKey: Guid(1209016c55dbf214082ed731bc8a955f) Importer(2089858483,0ecaa5967403d082aa24f35e1b516d23)
Start importing Assets/Prefabs/forest low poly- Exceptional 3D/glb/cherry tree.glb using Guid(1209016c55dbf214082ed731bc8a955f) Importer(2089858483,0ecaa5967403d082aa24f35e1b516d23) [PhysX] Initialized MultithreadedTaskDispatcher with 12 workers.
 -> (artifact id: 'cb0a15de18db92fecca7dc6be55e04fd') in 0.003668 seconds
Number of updated asset objects reloaded before import = 0
Number of asset objects unloaded after import = 1
========================================================================
Received Import Request.
  Time since last request: 0.000016 seconds.
  path: Assets/Prefabs/forest low poly- Exceptional 3D/glb/rocks.glb
  artifactKey: Guid(5199add7e28b5bb41a739bdd659eed0b) Importer(2089858483,0ecaa5967403d082aa24f35e1b516d23)
Start importing Assets/Prefabs/forest low poly- Exceptional 3D/glb/rocks.glb using Guid(5199add7e28b5bb41a739bdd659eed0b) Importer(2089858483,0ecaa5967403d082aa24f35e1b516d23) [PhysX] Initialized MultithreadedTaskDispatcher with 12 workers.
 -> (artifact id: 'ff3f0083eaf3613786ebd2219f8501c2') in 0.002477 seconds
Number of updated asset objects reloaded before import = 0
Number of asset objects unloaded after import = 1
========================================================================
Received Import Request.
  Time since last request: 0.000017 seconds.
  path: Assets/Prefabs/forest low poly- Exceptional 3D/glb/grass.glb
  artifactKey: Guid(93f4081d4e827c049a2cb67cf1ade9e5) Importer(2089858483,0ecaa5967403d082aa24f35e1b516d23)
Start importing Assets/Prefabs/forest low poly- Exceptional 3D/glb/grass.glb using Guid(93f4081d4e827c049a2cb67cf1ade9e5) Importer(2089858483,0ecaa5967403d082aa24f35e1b516d23) [PhysX] Initialized MultithreadedTaskDispatcher with 12 workers.
 -> (artifact id: '1ef7441d6ecb47a7808faf27e11a6003') in 0.004642 seconds
Number of updated asset objects reloaded before import = 0
Number of asset objects unloaded after import = 1
========================================================================
Received Import Request.
  Time since last request: 0.000032 seconds.
  path: Assets/Blink/Art/Animations/Animations_Starter_Pack/Combat/StunnedLoop.fbx
  artifactKey: Guid(8f760fa0100eb634b937fa931744496e) Importer(2089858483,0ecaa5967403d082aa24f35e1b516d23)
Start importing Assets/Blink/Art/Animations/Animations_Starter_Pack/Combat/StunnedLoop.fbx using Guid(8f760fa0100eb634b937fa931744496e) Importer(2089858483,0ecaa5967403d082aa24f35e1b516d23) [PhysX] Initialized MultithreadedTaskDispatcher with 12 workers.
 -> (artifact id: '9bcae980fbfbaaa59415221dcff517cd') in 0.028239 seconds
Number of updated asset objects reloaded before import = 0
Number of asset objects unloaded after import = 180
========================================================================
Received Import Request.
  Time since last request: 0.000024 seconds.
  path: Assets/Prefabs/forest low poly- Exceptional 3D/dae/pixels.jpg.005.jpg
  artifactKey: Guid(cc5965322c6f0e343b4267cb0d857c81) Importer(2089858483,0ecaa5967403d082aa24f35e1b516d23)
Start importing Assets/Prefabs/forest low poly- Exceptional 3D/dae/pixels.jpg.005.jpg using Guid(cc5965322c6f0e343b4267cb0d857c81) Importer(2089858483,0ecaa5967403d082aa24f35e1b516d23) [PhysX] Initialized MultithreadedTaskDispatcher with 12 workers.
 -> (artifact id: '9ba5bfb4a40b76cca336e8d7ea75450f') in 0.011204 seconds
Number of updated asset objects reloaded before import = 0
Number of asset objects unloaded after import = 1
========================================================================
Received Import Request.
  Time since last request: 0.000029 seconds.
  path: Assets/Blink/Art/Animations/Animations_Starter_Pack/Movement/RollBackward.fbx
  artifactKey: Guid(57d50d7ecb0231244b77aacf40cacf29) Importer(2089858483,0ecaa5967403d082aa24f35e1b516d23)
Start importing Assets/Blink/Art/Animations/Animations_Starter_Pack/Movement/RollBackward.fbx using Guid(57d50d7ecb0231244b77aacf40cacf29) Importer(2089858483,0ecaa5967403d082aa24f35e1b516d23) [PhysX] Initialized MultithreadedTaskDispatcher with 12 workers.
 -> (artifact id: '2ea7be3444b549f46e508618190121a1') in 0.023879 seconds
Number of updated asset objects reloaded before import = 0
Number of asset objects unloaded after import = 176
========================================================================
Received Prepare
Caller must complete domain reload
Begin MonoManager ReloadAssembly
Symbol file LoadedFromMemory is not a mono symbol file
- Loaded All Assemblies, in  0.359 seconds
Native extension for LinuxStandalone target not found
Mono: successfully reloaded assembly
- Finished resetting the current domain, in  0.489 seconds
Domain Reload Profiling: 847ms
	BeginReloadAssembly (137ms)
		ExecutionOrderSort (0ms)
		DisableScriptedObjects (5ms)
		BackupInstance (0ms)
		ReleaseScriptingObjects (0ms)
		CreateAndSetChildDomain (57ms)
	RebuildCommonClasses (31ms)
	RebuildNativeTypeToScriptingClass (7ms)
	initialDomainReloadingComplete (25ms)
	LoadAllAssembliesAndSetupDomain (157ms)
		LoadAssemblies (190ms)
		RebuildTransferFunctionScriptingTraits (0ms)
		AnalyzeDomain (10ms)
			TypeCache.Refresh (8ms)
				TypeCache.ScanAssembly (0ms)
			ScanForSourceGeneratedMonoScriptInfo (0ms)
			ResolveRequiredComponents (1ms)
	FinalizeReload (490ms)
		ReleaseScriptCaches (0ms)
		RebuildScriptCaches (0ms)
		SetupLoadedEditorAssemblies (245ms)
			LogAssemblyErrors (0ms)
			InitializePlatformSupportModulesInManaged (19ms)
			SetLoadedEditorAssemblies (6ms)
			RefreshPlugins (0ms)
			BeforeProcessingInitializeOnLoad (66ms)
			ProcessInitializeOnLoadAttributes (133ms)
			ProcessInitializeOnLoadMethodAttributes (18ms)
			AfterProcessingInitializeOnLoad (3ms)
			EditorAssembliesLoaded (0ms)
		ExecutionOrderSort2 (0ms)
		AwakeInstancesAfterBackupRestoration (4ms)
Refreshing native plugins compatible for Editor in 2.24 ms, found 0 plugins.
Preloading 0 native plugins for Editor in 0.00 ms.
Unloading 4595 Unused Serialized files (Serialized files now loaded: 0)
Unloading 18 unused Assets / (362.8 KB). Loaded Objects now: 5076.
Memory consumption went from 141.4 MB to 141.0 MB.
Total: 3.335437 ms (FindLiveObjects: 0.271076 ms CreateObjectMapping: 0.275481 ms MarkObjects: 2.554834 ms  DeleteObjects: 0.232989 ms)

Prepare: number of updated asset objects reloaded= 0
AssetImportParameters requested are different than current active one (requested -> active):
  custom:scripting/monoscript/fileName/InvertVector3Processor.cs: 26cd309c39f83c2c220d5ebd4cff9df8 -> 
  custom:scripting/monoscript/fileName/IInputInteraction.cs: 904998db3f6a68004028b91c21d88b1a -> 
  custom:scripting/monoscript/fileName/SetSamplingFrequencyCommand.cs: 47d086117c0acad03de65dbcce09e259 -> 
  custom:scripting/monoscript/fileName/VirtualMouseInput.cs: e3ef3ab161a243cb2a500a35a4caee75 -> 
  custom:scripting/monoscript/fileName/InputActionAssetEditor.cs: 4adbf4cb8c26b8932ee3ffc274073efe -> 
  custom:scripting/monoscript/fileName/WarpMousePositionCommand.cs: 01384d8ffa6a4ca8ee07bdccdac35b25 -> 
  custom:scripting/monoscript/fileName/IInputActionCollection.cs: 48d624420401ff220daba7d5ae2b1364 -> 
  custom:scripting/monoscript/fileName/InputActionInspector.cs: feb294aa54880b2096f97ebf1b199a15 -> 
  custom:scripting/monoscript/fileName/RequestSyncCommand.cs: 77a116703141a2eb2b4f13048db47d70 -> 
  custom:scripting/monoscript/fileName/InputStateBuffers.cs: 093dce8d3186118dd5042dafab7ae9e8 -> 
  custom:scripting/monoscript/fileName/InputActionCodeGenerator.cs: fca5f00d4b3eb657093524f16bf7bf13 -> 
  custom:scripting/monoscript/fileName/OnScreenButton.cs: 899b27e30b3465adcf27965c13bdc93c -> 
  custom:scripting/monoscript/fileName/DpadControl.cs: cfb85ad133fb5cf56fdc4c985aa8f908 -> 
  custom:scripting/monoscript/fileName/SwitchProControllerHID.cs: 78f82bd2c370087351de0e08672adca7 -> 
  custom:scripting/monoscript/fileName/InputLayoutCodeGenerator.cs: 9639b5848dc57960c08578d20d665948 -> 
  custom:scripting/monoscript/fileName/UnityRemoteSupport.cs: 982f96b2b3bcf7b6fe852779285ed35f -> 
  custom:scripting/monoscript/fileName/TwoModifiersComposite.cs: eb122d12dc9485d1b7f97cc256726e8b -> 
  custom:scripting/monoscript/fileName/InputActionState.cs: 0b37a93989f6e5de9afaeb4201ff9fd1 -> 
  custom:scripting/monoscript/fileName/InternedString.cs: 95f1db197e52a5e6ea3f009cd95df5ed -> 
  custom:scripting/monoscript/fileName/DisableDeviceCommand.cs: 0ad271a8bb040421b84ee6fbd5f9b9ad -> 
  custom:scripting/monoscript/fileName/NormalizeVector3Processor.cs: a9fdcc08cb92f00cadc525b362b15ecf -> 
  custom:scripting/monoscript/fileName/GenericXRDevice.cs: 31f8338285464e5a41cc62a6bcd45bcc -> 
  custom:scripting/monoscript/fileName/GoogleVR.cs: 99c1f4b0215996dade99604b61c7ec12 -> 
  custom:container-demuxer-ogg: 62fdf1f143b41e24485cea50d1cbac27 -> 
  custom:scripting/monoscript/fileName/OpenVR.cs: 77f0de6828ff8ecbd33f19acd04444f7 -> 
  custom:scripting/monoscript/fileName/FastMouse.partial.cs: c1eb115b9947f2d7660b6624e6d2a006 -> 
  custom:scripting/monoscript/fileName/AnimatorManager.cs: 2c541ae7e741d38a01f0c5d0bf98e292 -> 
  custom:scripting/monoscript/fileName/iOSPostProcessBuild.cs: 9511a85ceb885fe21fc0fd0763de6cf3 -> 
  custom:scripting/monoscript/fileName/InputControlPicker.cs: 6b00d000a225762ecd654d2e2099bede -> 
  custom:scripting/monoscript/fileName/IHaptics.cs: 5c70e747929f1a71eccdc11041ef53fe -> 
  custom:scripting/monoscript/fileName/DownloadableSample.cs: 89120054f688b631c9ee6f5097128d97 -> 
  custom:scripting/monoscript/fileName/TouchControl.cs: bc4be08888a45c76e7675bb7d2381412 -> 
  custom:scripting/monoscript/fileName/InputSettingsProvider.cs: aad247d3909e557ebafce3429de6662a -> 
  custom:scripting/monoscript/fileName/Keyboard.cs: 7ecd46b364aabed617ca2aa518d013e5 -> 
  custom:scripting/monoscript/fileName/InputDevice.cs: 5d904dd2c22e502aeeaf9ca9e6633e24 -> 
  custom:scripting/monoscript/fileName/Oculus.cs: 2edcd533dd4b371bb248051a8fa77761 -> 
  custom:scripting/precompiled-assembly-types:Unity.InputSystem.TestFramework: 7da9e207609223df4f3b483c9cdfa405 -> 
  custom:scripting/precompiled-assembly-types:Unity.VisualScripting.Core: 8af66c25306074adab4a972811b8f55c -> 1be49b1625a3c513d7dc4a7372d775ff
  custom:scripting/monoscript/fileName/InputActionDebuggerWindow.cs: 872825097bc1ef1faa83af3d2b00a7e1 -> 
  custom:scripting/monoscript/fileName/AssemblyInfo.cs: 53d0e8986685ee279f50bdc53646eeb9 -> 
  custom:scripting/monoscript/fileName/IEventPreProcessor.cs: 7295c10dcae8814a8292aa0ee947599f -> 
  custom:scripting/monoscript/fileName/IntegerControl.cs: 888315a91a2577ba62858fefb74b01da -> 
  custom:scripting/monoscript/fileName/ViewStateCollection.cs: 90647cc400823b41df847a6cbfc29026 -> 
  custom:scripting/monoscript/fileName/AxisComposite.cs: 1a3b07803006c7cd98260293e041921c -> 
  custom:scripting/monoscript/fileName/QueryUserIdCommand.cs: a01aca235669f681cb2e5d6ae8addaa9 -> 
  custom:scripting/monoscript/fileName/NormalizeProcessor.cs: 3de4423bc603683c7ace908ef059b016 -> 
  custom:scripting/monoscript/fileName/InputDeviceDebuggerWindow.cs: d5d7f249a0c7e26b5c99aed83ca56ee7 -> 
  custom:scripting/monoscript/fileName/InputMetrics.cs: a5c225dbed9a189ed621c2052e3e4812 -> 
  custom:scripting/monoscript/fileName/TouchHistory.cs: 0bd5153c399a7814148eb0529881c327 -> 
  custom:scripting/monoscript/fileName/TouchscreenControlPickerLayout.cs: 2125296fdeb3923857d26aa69c1c47f2 -> 
  custom:scripting/monoscript/fileName/InputUserSettings.cs: 916cc29923c01ad422d1a009d6775681 -> 
  custom:scripting/monoscript/fileName/IInputRuntime.cs: 683baa8e477b4ccf74f0b797af7a5130 -> 
  custom:scripting/monoscript/fileName/HIDSupport.cs: 099f7abf8a3ee4aa9bd36bc75ccbfefb -> 
  custom:scripting/monoscript/fileName/PlayerControl.cs: 0ecf0b5b4a9207402e80b603ad9a119c -> 
  custom:scripting/monoscript/fileName/ButtonWithOneModifier.cs: 68f005a2616c543c53a81e953d2b1c97 -> 
  custom:scripting/monoscript/fileName/QuaternionControl.cs: a9008c1888de55a3e771c5cf20b7f3d9 -> 
  custom:scripting/monoscript/fileName/InputDiagnostics.cs: 33a0d887634ac60a4b86fe7315969c5c -> 
  custom:scripting/monoscript/fileName/InputActionTrace.cs: 004f24f75c0a176ffc4990497785b33c -> 
  custom:scripting/monoscript/fileName/SelectManyObservable.cs: 0cdf409b5aa8d4c25876d72b5c6a3b60 -> 
  custom:scripting/monoscript/fileName/XInputSupport.cs: f0d85607abbb4b1149b4034019ff04ed -> 
  custom:scripting/monoscript/fileName/InputControlDropdownItem.cs: 291d3f968f0e593f58e13b38fe2742b3 -> 
  custom:video-decoder-ogg-theora: a1e56fd34408186e4bbccfd4996cb3dc -> 
  custom:scripting/monoscript/fileName/MemoryHelpers.cs: 53156631467fa40859bc9c1f8f88bb12 -> 
  custom:scripting/monoscript/fileName/CallbackDataSource.cs: 6f704c385b696082180aa49bed32c026 -> 
  custom:scripting/monoscript/fileName/AdvancedDropdownDataSource.cs: 428d52d44c12b04eddf300f83f94fb9c -> 
  custom:scripting/monoscript/fileName/IInputEventTypeInfo.cs: a163e0b33b0ef6de42962a548c982415 -> 
  custom:scripting/monoscript/fileName/InputEventTreeView.cs: 70ebb846b08feb061018e0fc806019c8 -> 
  custom:scripting/monoscript/fileName/Pointer.cs: ce2152e3a144dadf27b6b7be62c47f0a -> 
  custom:scripting/monoscript/fileName/InputSystemUIInputModuleEditor.cs: 8bd0e6628d94b95bc4e7082bdd62e28e -> 
  custom:scripting/monoscript/fileName/ParameterListView.cs: 018e8161ec06df153608ce9adba55c3f -> 
  custom:scripting/monoscript/fileName/IInputStateChangeMonitor.cs: 9b99017561e3533bdb65e893153fafea -> 
  custom:scripting/monoscript/fileName/PressInteraction.cs: 752c473143499f0f1beaacb15f400a1d -> 
  custom:scripting/monoscript/fileName/Comparers.cs: a4fd4e4518e16b985ebc608a7fca9c48 -> 
  custom:scripting/monoscript/fileName/DualShockSupport.cs: 58ad10689626ffbc27e9ff5e35a0fe94 -> 
  custom:scripting/monoscript/fileName/PrimitiveValue.cs: 2da19b19a1bc3da68e1b06314cd109da -> 
  custom:scripting/monoscript/fileName/Pen.cs: 6eab9170261bbd85df09d1ffe39eb3e1 -> 
  custom:scripting/monoscript/fileName/StringHelpers.cs: 091725760b03f79e734c77418a754009 -> 
  custom:scripting/monoscript/fileName/JsonParser.cs: 4ca9a1eed6af4d53f2778a8abb3703e2 -> 
  custom:scripting/monoscript/fileName/FourCC.cs: 718ad77a73db081c260cd8ce625d1d12 -> 
  custom:scripting/monoscript/fileName/Finger.cs: 47c63a23d4568c72c9e2be18ba728ebd -> 
  custom:scripting/monoscript/fileName/ClampProcessor.cs: 799e07eb15a017e9ba829d3f4ca99111 -> 
  custom:scripting/monoscript/fileName/InputDeviceMatcher.cs: 934062a53f2d14192d3094d9f09442b6 -> 
  custom:scripting/monoscript/fileName/InitiateUserAccountPairingCommand.cs: 1a666a76197a03f8f7bce4a17141341c -> 
  custom:scripting/monoscript/fileName/InputControlPathDrawer.cs: f9c7ec3ba894b22b094bce7cea9d36c7 -> 
  custom:scripting/monoscript/fileName/SlowTapInteraction.cs: d4d7eb3e402f2cf763b711b8aca21716 -> 
  custom:scripting/monoscript/fileName/QuerySamplingFrequencyCommand.cs: ffe0bdcb4ec1816ad7a20032df8affbd -> 
  custom:scripting/monoscript/fileName/InputBindingComposite.cs: 8acdccf814316320ed20f4ab536c63c4 -> 
  custom:scripting/monoscript/fileName/InlinedArray.cs: e42627bc0cc64469ebb2649b4749f607 -> 
  custom:scripting/monoscript/fileName/CallbackArray.cs: 90647cc400823b41df847a6cbfc29026 -> 
  custom:scripting/monoscript/fileName/OSXGameController.cs: a3f684cd3d6af3701e16c8699ba556c0 -> 
  custom:scripting/monoscript/fileName/Observable.cs: 622d3d50ef7faf6ec60105d4626f5ceb -> 
  custom:scripting/monoscript/fileName/ScaleVector3Processor.cs: 4f21bb4fa41fc96799edb532f6172693 -> 
  custom:scripting/monoscript/fileName/InvertVector2Processor.cs: 774a3487189aea92da637db92d9118d5 -> 
  custom:scripting/monoscript/fileName/StandaloneInputModuleEditor.cs: 0c1eaef25625ade10d4aab2e84b9d672 -> 
  custom:scripting/monoscript/fileName/FastTouchscreen.cs: 9057cd167dd3d29f3b1283a395a3a33e -> 
  custom:scripting/monoscript/fileName/Sensor.cs: 419cc8c616c869ad06dd0244620146f3 -> 
  custom:scripting/monoscript/fileName/NamedValue.cs: 8376b4dcd097f8e75b2f3411208254ef -> 
  custom:scripting/monoscript/fileName/InputBinding.cs: f6fa0e7ca1620e125824ad7aa87dde6a -> 
  custom:scripting/monoscript/fileName/OnInputSystemEventAnalyser.cs: 5000030ea589a42dacb479a2f3766fbd -> 
  custom:scripting/monoscript/fileName/InputActionsEditorConstants.cs: 48474179b48b60fb02f5aec59408886a -> 
  custom:scripting/monoscript/fileName/PlayerInputManager.cs: d78a6a69863acf031e5348de2108e605 -> 
  custom:scripting/monoscript/fileName/BufferedRumble.cs: 6a480de6b1fe2251e7ff08c4ce4c02ea -> 
  custom:scripting/monoscript/fileName/PointerModel.cs: 71a6371a8f201bacb2e5db4acfc37d66 -> 
  custom:scripting/monoscript/fileName/DelegateHelpers.cs: d5bb425af0b5b02d6700aaef05db5f95 -> 
  custom:scripting/monoscript/fileName/AnyKeyControl.cs: 6f6956b0876c685790984c2ec0fb11df -> 
  custom:scripting/monoscript/fileName/XRLayoutBuilder.cs: 21ffc1832cbfeb6035611a9800913395 -> 
  custom:scripting/monoscript/fileName/SDLDeviceBuilder.cs: 00cc39ba5b1705d465f85acb258f3546 -> 
  custom:scripting/monoscript/fileName/EnhancedTouchSupport.cs: 60dfbeffc3a1db5c7c0f9d4fab51a6e1 -> 
  custom:scripting/precompiled-assembly-types:Unity.InputSystem.ForUI: bae848875a35fe96f09fcc9f4e534600 -> 
  custom:scripting/monoscript/fileName/InputManager.cs: dea24e3da8b083e8a28641430520c9c0 -> 
  custom:scripting/monoscript/fileName/InputSystemPlugin.cs: 10a580f1db4a8ef14ffb6c3b099a0564 -> 
  custom:scripting/monoscript/fileName/Vector2Composite.cs: 3c222e4e378dcfe52075de72b9663f60 -> 
  custom:scripting/monoscript/fileName/GetCurrentHapticStateCommand.cs: 4cd4b9a65647c18ded8aa1c4b2b9796f -> 
  custom:scripting/monoscript/fileName/InputExtensions.cs: 8f6f56ef37e3f054a7a7409cdb252c10 -> 
  custom:scripting/monoscript/fileName/SerializedPropertyHelpers.cs: 54656cf4b888a0555d305d3172f6ef93 -> 
  custom:CustomObjectIndexerAttribute: 232f87dd983dbecb2a4e21e08eb2cef8 -> 
  custom:scripting/monoscript/fileName/PlayerLocotion.cs: 0f05ed4e88123a7b379ce16daed7eb1b -> 
  custom:scripting/monoscript/fileName/InputActionProperty.cs: 1cef8e3bac8177c58bdf00b89999ee70 -> 
  custom:scripting/monoscript/fileName/InputActionImporter.cs: 19c89ffe8a0f97b5dd3ac2a40ca07edb -> 
  custom:scripting/monoscript/fileName/InputEventListener.cs: 752a4fdcf8e5a1b2edb0fe714eecfe1e -> 
  custom:scripting/monoscript/fileName/TypeHelpers.cs: 9fde05372a5fe2745109df4672477f7b -> 
  custom:scripting/monoscript/fileName/InputStateBlock.cs: 979e1ff106f0ac030ea1ea8df905fcdf -> 
  custom:scripting/monoscript/fileName/PredictiveParser.cs: 11761c981acd9ecbcb551be590127cd5 -> 
  custom:scripting/monoscript/fileName/Touch.cs: aed080cad24aa0b4153e8dc9948b58a5 -> 
  custom:scripting/monoscript/fileName/PlayerManager.cs: fa278fc629bee650391d87d1007e9d4f -> 
  custom:scripting/monoscript/fileName/InputControlPathEditor.cs: c4e4855b2fc09dc4e9adcd9ef893d58e -> 
  custom:scripting/monoscript/fileName/IDualMotorRumble.cs: 5f6a1c243251c71316be36f60e2edc96 -> 
  custom:scripting/monoscript/fileName/DefaultInputActions.cs: 6d325dce06864e239959fec06a7bcb34 -> 
  custom:scripting/monoscript/fileName/SwitchSupportHID.cs: e50c2efa89a2ad634027df9d84b4e3e0 -> 
  custom:scripting/monoscript/fileName/UseWindowsGamingInputCommand.cs: 61fcd09208b8fa2432a7bcd2cc77affa -> 
  custom:scripting/monoscript/fileName/NormalizeVector2Processor.cs: 8bd7d17d8d184d12ee67e83355ec3df6 -> 
  custom:container-demuxer-webm: 4f35f7cbe854078d1ac9338744f61a02 -> 
  custom:scripting/monoscript/fileName/OneModifierComposite.cs: 2396a536ac3012f9b195d576a48ca0bd -> 
  custom:scripting/monoscript/fileName/XRSupport.cs: ac3cee8b33cb0b849f0005496405c94d -> 
  custom:scripting/monoscript/fileName/InputActionMapDrawer.cs: 116fd0e890ca81f92874fad325884eac -> 
  custom:scripting/monoscript/fileName/InputAction.cs: ac64462c0fc3595515f03f36d4efcbd2 -> 
  custom:scripting/monoscript/fileName/DeviceConfigurationEvent.cs: 510c7dba8b40726e797345201b3fa470 -> 
  custom:scripting/monoscript/fileName/InputActionAssetManager.cs: ea530132c4d1b5020dd6e476a2a38fb4 -> 
  custom:scripting/monoscript/fileName/IDualShockHaptics.cs: 3802c2cf67d004ba5d74496df2179836 -> 
  custom:scripting/monoscript/fileName/InputSettings.cs: d7ef7947692727d78270eb2592402c03 -> 
  custom:scripting/monoscript/fileName/TouchPhaseControl.cs: 7512f1f8335d9b1be74dcd0ea47c1e22 -> 
  custom:scripting/monoscript/fileName/Touchscreen.cs: ffc84b9850e1122be8bdcca9b037294c -> 
  custom:scripting/monoscript/fileName/WhereObservable.cs: 0cdf409b5aa8d4c25876d72b5c6a3b60 -> 
  custom:scripting/monoscript/fileName/RequestResetCommand.cs: 5a881eceedbc23163d3feb8f09a28034 -> 
  custom:scripting/monoscript/fileName/InvertProcessor.cs: 8fef723b3e8cbb132d922876d3097cdd -> 
  custom:scripting/monoscript/fileName/UISupport.cs: 4aef61197fdf43dacd2c65403caf85ae -> 
  custom:scripting/monoscript/fileName/InputControlTreeView.cs: 1bdd4cb4dbef8eaf9ad8e2bac2f52d92 -> 
  custom:scripting/monoscript/fileName/InputControlList.cs: 849ed7f5b11c9db237ef61b01c5a5104 -> 
  custom:scripting/monoscript/fileName/SetIMECursorPositionCommand.cs: e9aeee9dfc1e3895d4b1fdbc699ffd99 -> 
  custom:scripting/monoscript/fileName/IViewStateCollection.cs: 1a1a29e9cf9e831fdcf0170a29d9ffa4 -> 
  custom:scripting/monoscript/fileName/SerializedPropertyLinqExtensions.cs: eb3c7e6c13c4deaa409be0505d1c60ed -> 
  custom:scripting/monoscript/fileName/StickDeadzoneProcessor.cs: 6d6058c9ef1ff49292708e93df0f6950 -> 
  custom:scripting/monoscript/fileName/InputRemoting.cs: f8614d7aef4c39466e146a472122fec7 -> 
  custom:scripting/monoscript/fileName/DualShockGamepad.cs: f5f4051139b2f1a41a8085b7526eb7be -> 
  custom:scripting/monoscript/fileName/TrackedDeviceRaycaster.cs: b8a6378867816e80ed0f3d9fe60f3bbe -> 
  custom:scripting/monoscript/fileName/Substring.cs: 155bc9f3de23b8c08e135b802ded7331 -> 
  custom:scripting/monoscript/fileName/OnScreenControl.cs: 82f54ae925b6933f7962f7d2cbe60763 -> 
  custom:scripting/monoscript/fileName/InputControlPickerState.cs: 5f9b5cb8afce48007728175c3eb057e8 -> 
  custom:scripting/monoscript/fileName/TrackedDevice.cs: c0a523d9ef4d6df623781ab9912266ea -> 
  custom:scripting/monoscript/fileName/InputUser.cs: 36260a9ec48499f72e73f9eafc0552cb -> 
  custom:scripting/monoscript/fileName/MiscHelpers.cs: d6cca883f594dee23f0feba018b6d615 -> 
  custom:scripting/monoscript/fileName/ExceptionHelpers.cs: efe275f28a8e9b2b00af109efb2e0ab3 -> 
  custom:scripting/monoscript/fileName/NativeInputRuntime.cs: 1afac435db3687569cb35bb179fea323 -> 
  custom:scripting/monoscript/fileName/WebGLSupport.cs: 654530562f42308f2719cc6498dc6cd4 -> 
  custom:scripting/monoscript/fileName/StickControl.cs: a26eebfd1e1a58f0392d28dd3a767141 -> 
  custom:scripting/monoscript/fileName/AndroidSupport.cs: 9ab785defff34023abc57840edf3d952 -> 
  custom:scripting/monoscript/fileName/IInputDeviceCommandInfo.cs: 9dd42f14ac828da16c6ba30310467251 -> 
  custom:container-muxer-webm: aa71ff27fc2769a1b78a27578f13a17b -> 
  custom:scripting/monoscript/fileName/InputTestRuntime.cs: d5127b47e25b8c5088abf4e0deaa8d86 -> 
  custom:scripting/monoscript/fileName/ExtendedAxisEventData.cs: 4c1bfc702ee844fc30595587145d523b -> 
  custom:scripting/monoscript/fileName/AxisDeadzoneProcessor.cs: 4ce0869e85b18c3815fae1e784e9f914 -> 
  custom:scripting/monoscript/fileName/EnableDeviceCommand.cs: 03f13a346a45c1316cc4c74086075cbf -> 
  custom:scripting/monoscript/fileName/DualMotorRumbleCommand.cs: fe0683f0fffd14959bf3d500e2cc8956 -> 
  custom:scripting/monoscript/fileName/BaseInputOverride.cs: a912c8e7729c202e46ac536346090423 -> 
  custom:scripting/monoscript/fileName/InputActionDrawerBase.cs: 7678ae39aaf45b1e79da3f1a0f035552 -> 
  custom:scripting/monoscript/fileName/HoldInteraction.cs: d489b50bc685e46cac1f3a9378268f4e -> 
  custom:scripting/monoscript/fileName/AndroidGameController.cs: 983c50cb29c719445cd8ec25f85ff5c0 -> 
  custom:video-decoder-webm-vp8: 9c59270c3fd7afecdb556c50c9e8de78 -> 
  custom:scripting/monoscript/fileName/HIDDescriptorWindow.cs: 6aaa5f652db1e6353aacd01ef4c18854 -> 
  custom:scripting/monoscript/fileName/LinuxSupport.cs: 25480eb3c0fe95eb4511ca50e34150d8 -> 
  custom:scripting/monoscript/fileName/EnumerableExtensions.cs: 219570540e3798ec67fb325f3c843de4 -> f71f15ba70241b82012973251f1c2c00
  custom:scripting/monoscript/fileName/Vector3Composite.cs: 03fb54f1caeff9fd76135a6140243511 -> 
  custom:scripting/monoscript/fileName/InputSettingsiOSProvider.cs: 740a15f6b71b62d4d0ab469224856ce4 -> 
  custom:scripting/monoscript/fileName/Vector3Control.cs: e9a096b3ccdb308c7a9d4b5889021b7a -> 
  custom:scripting/monoscript/fileName/iOSSupport.cs: 7d32c4cb2d69af779288f2a9cd8deac0 -> 
  custom:scripting/monoscript/fileName/InputActionTreeViewItems.cs: 60a054e7e783d32e6aa767531543afa7 -> 
  custom:scripting/monoscript/fileName/QueryKeyNameCommand.cs: 37e2ae06bb378bdc7d63674123948cdc -> 
  custom:scripting/monoscript/fileName/TapInteraction.cs: 596bdc6ff1cd547c8cdd5f2cc72ee25a -> 
  custom:scripting/monoscript/fileName/InputActionSerializationHelpers.cs: 9b5c83021d7fdf16fa02001c66bf5d6f -> 
  custom:scripting/monoscript/fileName/InputDebuggerWindow.cs: 1dae732b971e79e790411dffde0dc007 -> 
  custom:SearchIndexIgnoredProperties: e643bd26f0fe6173181afceb89e7c659 -> 
  custom:scripting/monoscript/fileName/ReadOnlyArray.cs: 3483e6d7d8ddcc3c4be5ef7b099dae36 -> 
  custom:scripting/monoscript/fileName/HID.cs: 14ac29e61424a85a621280935b74e9d3 -> 
  custom:AudioImporter_EditorPlatform: 2f0ff77a95e0ac474e3e8eeba4e2f7cb -> 
  custom:scripting/monoscript/fileName/InputActionSetupExtensions.cs: 9f825161e7326e1030e07355fbc72851 -> 
  custom:scripting/monoscript/fileName/MultiLevelDataSource.cs: f2b2576c0243f129ea7ce41b871724db -> 
  custom:scripting/monoscript/fileName/PlayerInput.cs: 1cee85eeeadffae2bed639a188980b07 -> 
  custom:scripting/monoscript/fileName/InputProcessor.cs: 3ec0d2c772ab1a7b95e1616ff5397755 -> 
  custom:scripting/monoscript/fileName/SendBufferedHapticsCommand.cs: 3de60d0072c8966f3fa67e7e06b3de82 -> 
  custom:scripting/monoscript/fileName/InputInteractionContext.cs: e9b9207c5a457e9ba1ed5b963caa1c29 -> 
  custom:scripting/monoscript/fileName/InputActionReference.cs: fbc849277b28f1d12c10638fd6cc5e30 -> 
  custom:scripting/monoscript/fileName/ITextInputReceiver.cs: 8b2979455c8552da770df1cfa8183102 -> 
  custom:scripting/monoscript/fileName/QueryEditorWindowCoordinatesCommand.cs: 0c7e5370fa30be3b2697197e96ebdac1 -> 
  custom:scripting/monoscript/fileName/ScaleProcessor.cs: ea599d555a5ed7276ea05d57b45e43df -> 
  custom:scripting/monoscript/fileName/InputControlScheme.cs: 54ecc2e6b48d0a96beee21c6444842e2 -> 
  custom:scripting/monoscript/fileName/InputDeviceBuilder.cs: c6e7fb09ff8d2cc0d492291cffb5dd90 -> 
  custom:scripting/monoscript/fileName/InputUpdateType.cs: abf5b4d2515f610113412cbf99b0e951 -> 
  custom:scripting/monoscript/fileName/CameraManager.cs: efa49515d521c118282ca7f85f908717 -> 
  custom:scripting/monoscript/fileName/EditorWindowSpaceProcessor.cs: 972d1caf54a44d4a9cecbaa9bedec5ca -> 
  custom:scripting/monoscript/fileName/InputEditorUserSettings.cs: a0a69ad77f1e5a40ed7ef9025a06e030 -> 
  custom:scripting/monoscript/fileName/InputFeatureNames.cs: 1a316c2d23c80d5649d91f21104b1196 -> 
  custom:scripting/monoscript/fileName/InputActionAsset.cs: 235856b3baea8efeb679f57b86b2e78b -> 
  custom:scripting/monoscript/fileName/Gamepad.cs: 266a4361e17cc18fb7776706f865b6cc -> 
  custom:scripting/monoscript/fileName/Vector2Control.cs: ad75cbde8c4029137f073e4f44bb18d0 -> 
  custom:scripting/monoscript/fileName/TrackedPoseDriver.cs: 7d012d674d51cf40089b73bf035e633b -> 7c652bf9e4ac4ec3dd58bf53ae85a810
  custom:scripting/monoscript/fileName/InputControl.cs: beed85fe9b3431d0b1ba03e15cb33fe6 -> 
  custom:scripting/monoscript/fileName/OnScreenStick.cs: 9c42f0c502d32edf782a820c693d1a78 -> 
  custom:scripting/monoscript/fileName/NavigationModel.cs: 1c263830c18aeaed6a5f098797d42577 -> 
  custom:scripting/monoscript/fileName/ScaleVector2Processor.cs: ffa977729ad018813fd2604f3961d4a6 -> 
  custom:scripting/monoscript/fileName/OnScreenSupport.cs: 49400ba586ee250d59e551f6447ee71e -> 
  custom:scripting/monoscript/fileName/InputStateWindow.cs: 07ffe9d19da59cd790dac73385b44113 -> 
  custom:scripting/monoscript/fileName/InputDeviceDescription.cs: b7fafe849135bccdd4576f0a348eb655 -> 
  custom:scripting/monoscript/fileName/ActionEvent.cs: b3ea1ccaeb8c8f45c6b4115a47e7e07f -> 
  custom:scripting/monoscript/fileName/InputControlPickerDropdown.cs: 42f29cccd66ea903b2ff08e0668e70b3 -> 
  custom:scripting/monoscript/fileName/TouchSimulation.cs: feb611e04b376a0121f4ebc0bc2c56ac -> 
  custom:scripting/monoscript/fileName/Observer.cs: 90647cc400823b41df847a6cbfc29026 -> 
  custom:scripting/monoscript/fileName/TakeNObservable.cs: 0cdf409b5aa8d4c25876d72b5c6a3b60 -> 
  custom:scripting/monoscript/fileName/TouchPressControl.cs: 32da007e297b36a2fe817f63e5f6bbb5 -> 
  custom:scripting/monoscript/fileName/QueryEnabledStateCommand.cs: 87c8e7655c4949e0535eb54544eb97da -> 
  custom:scripting/monoscript/fileName/QueryCanRunInBackground.cs: 0430278e077d59b82dbda0fc3b6d50dd -> 
  custom:scripting/monoscript/fileName/InputEvent.cs: fd054d2072bcad44e3a253005347289b -> 
  custom:scripting/monoscript/fileName/InputActionRebindingExtensions.cs: 800aebbd7a30c1f9ff7fb1fa8ee640fa -> 
  custom:scripting/monoscript/fileName/ForDeviceEventObservable.cs: f39d5cdafde47df1f2a834a038b823b7 -> 
  custom:scripting/monoscript/fileName/InputUserAccountHandle.cs: a5f9751051223c483aa2839401cb39cd -> 
  custom:scripting/monoscript/fileName/Input Manager.cs: ebc1fe256c26bbf42f6045524041edf0 -> 
  custom:scripting/monoscript/fileName/IEventMerger.cs: 1b166203b9c6da6368d80320ec7c9961 -> 
  custom:scripting/monoscript/fileName/InputEventStream.cs: ea6c76443cc84b1345bb202bc3c6e172 -> 
  custom:scripting/monoscript/fileName/InputActionMap.cs: 7796e3225f536783e555cebebc915987 -> 
  custom:scripting/monoscript/fileName/ButtonWithTwoModifiers.cs: 8fbe9bb2a05d6d8ae165c4af2a58f87a -> 
  custom:scripting/monoscript/fileName/DefaultInputControlPickerLayout.cs: 0d39d096b1a242cb2404a05c8ab9b9dc -> 
  custom:scripting/monoscript/fileName/IOSGameController.cs: dd4dd0e526e0233e35c4166a4e15be3b -> 
  custom:scripting/monoscript/fileName/InputControlLayout.cs: 14cb813b35120ffd242f99d5c15bb438 -> 
  custom:scripting/monoscript/fileName/GetHapticCapabilitiesCommand.cs: cae75b99f8d3e9c6ddab6313911969e6 -> 
  custom:scripting/monoscript/fileName/KeyControl.cs: 8c245292417dc646748409be61bb7b1e -> 
  custom:scripting/monoscript/fileName/InputParameterEditor.cs: 431a7292e136429730776139ea5efe7c -> 
  custom:scripting/monoscript/fileName/PoseControl.cs: 26044499bf9bfd77ab38d92d33de1d80 -> 
  custom:scripting/monoscript/fileName/InputSystem.cs: 2d04686e597c23245a49375e1fb3215d -> 
  custom:scripting/monoscript/fileName/OnInputSystemEvent.cs: 75fda23a4e1e9917b123e60769ca5a9b -> 
  custom:scripting/monoscript/fileName/PlayerInputEditor.cs: d2b3afdcbb77e18a055744ba3890b2dc -> 
  custom:scripting/monoscript/fileName/FastMouse.cs: c1eb115b9947f2d7660b6624e6d2a006 -> 
  custom:scripting/monoscript/fileName/ResetIsJumping.cs: ea6aa522018a135227645b7599acefc8 -> 
  custom:scripting/precompiled-assembly-types:Unity.InputSystem: f769504214ee71a8b7c123e8dbbeccaa -> 
  custom:scripting/monoscript/fileName/MultiplayerEventSystem.cs: 05b50b616573877ef9101c0539ee4f31 -> 
  custom:scripting/monoscript/fileName/InputBindingCompositeContext.cs: d2a9f79b307a55dd2196a058ec520c90 -> 
  custom:scripting/monoscript/fileName/CSharpCodeHelpers.cs: d0cc2f7c294cb0d1437e3101c51f7d3e -> 
  custom:scripting/monoscript/fileName/SelectObservable.cs: 0cdf409b5aa8d4c25876d72b5c6a3b60 -> 
  custom:scripting/monoscript/fileName/ICustomDeviceReset.cs: 3b447b167c25000b29105ece94677719 -> 
  custom:scripting/monoscript/fileName/NumberHelpers.cs: 322df6125e7a7f4f0d1f63844c1365d8 -> 
  custom:scripting/monoscript/fileName/AndroidSensors.cs: 86b1397c0edde5f4948c6f927e39ac2a -> 
  custom:scripting/monoscript/fileName/XInputController.cs: 3c93688e4b8cb689f66843b8c8f16884 -> 
  custom:scripting/monoscript/fileName/InputEventPtr.cs: a12d6ebfcf9beb317d1aba534bdcb661 -> 
  custom:scripting/monoscript/fileName/DeltaStateEvent.cs: af7845327b744d1496e77475c17d3b0d -> 
  custom:scripting/monoscript/fileName/InputControlExtensions.cs: ae0219bac3a6c7734d164606a5ed0820 -> 
  custom:scripting/monoscript/fileName/ExtendedPointerEventData.cs: f800ca056555c185c05f28019e4b9518 -> 
  custom:scripting/monoscript/fileName/OneOrMore.cs: 0cdf409b5aa8d4c25876d72b5c6a3b60 -> 
  custom:scripting/monoscript/fileName/EditorHelpers.cs: eda3dee24631ee2d7037d1e0dd169286 -> 
  custom:scripting/monoscript/fileName/AxisControl.cs: 68b436317dff8e5185c81d8673960fc4 -> 
  custom:scripting/monoscript/fileName/SavedState.cs: 56a12a9cddf9ae7c17f0f2e9ce84e15c -> 
  custom:scripting/monoscript/fileName/iOSStepCounter.cs: 2c61d0bc46d04bce2f6762804671c954 -> 
  custom:video-encoder-webm-vp8: eb34c28f22e8b96e1ab97ce403110664 -> 
  custom:scripting/monoscript/fileName/SerializedInputActionMap.cs: e95d2d4c78a3c4d8a469e16dec186e8f -> 
  custom:scripting/monoscript/fileName/InputControlLayoutAttribute.cs: 8a00dd4a575a7b549eada1a6489a8652 -> 
  custom:scripting/monoscript/fileName/IInputStateTypeInfo.cs: cea8b54e443ea633a8182d334b401856 -> 
  custom:scripting/monoscript/fileName/TextEvent.cs: 76acc414d4175dd733571757e9b97806 -> 
  custom:scripting/monoscript/fileName/IInputUpdateCallbackReceiver.cs: ba48e6e35145b7f1ac3afdd775575522 -> 
  custom:scripting/monoscript/fileName/InputActionPropertiesView.cs: 87bb23a03865ebab6df4302eab03f8f8 -> 
  custom:scripting/monoscript/fileName/QueryPairedUserAccountCommand.cs: 7c1bc8fc23b5eb9e494267177f02f139 -> 
  custom:scripting/monoscript/fileName/InputActionDrawer.cs: 9b483107b0ea7770f76a7cdd6ff316d0 -> 
  custom:scripting/monoscript/fileName/InputSystemWidget.cs: 8f101911900fd5c78c807da3e1c794a8 -> 
  custom:scripting/monoscript/fileName/EditorPlayerSettingHelpers.cs: e9960188ed6c5b949b993e59ce59ce87 -> 
  custom:audio-decoder-ogg-vorbis: bf7c407c2cedff20999df2af8eb42d56 -> 
  custom:scripting/monoscript/fileName/CommonUsages.cs: 18408d7225731f5f7bf0e3a3ad47e27f -> 
  custom:scripting/monoscript/fileName/InputActionEditorWindow.cs: e72d7d7ff1055479629b55015dfaf76d -> 
  custom:scripting/monoscript/fileName/InputAnalytics.cs: 70269303ff292b656bbef56a407380bd -> 
  custom:scripting/monoscript/fileName/TypeTable.cs: a6a17e2e95c02f50895f3adeb936d7ed -> 
  custom:scripting/monoscript/fileName/LinkFileGenerator.cs: 2f2c64524b5aa89c8b6b768e28de537b -> 51b5323d52299fec9236d04721b91f22
  custom:scripting/monoscript/fileName/AdvancedDropdownGUI.cs: 207e6d663a15858e0a112d6acb1b7040 -> 
  custom:scripting/monoscript/fileName/MultiTapInteraction.cs: 84287a69790c19af273393c4356ab542 -> 
  custom:scripting/monoscript/fileName/InputControlAttribute.cs: b5a64d55a813f6d1227b56436c59c015 -> 
  custom:scripting/monoscript/fileName/AdvancedDropdownItem.cs: e6f1b87cfdf3b7e725137f6813d17509 -> 
  custom:scripting/monoscript/fileName/InputDeviceCommand.cs: d588e191d7cda05d4a0288a8ee1147ba -> 
  custom:scripting/monoscript/fileName/DualShockGamepadHID.cs: 3c5ed97f9b3e5e626f6f09a9f7393581 -> 
  custom:scripting/monoscript/fileName/DisplayStringFormatAttribute.cs: c3a032e117cd328db2f0cf4598514a4e -> 
  custom:scripting/precompiled-assembly-types:Unity.VisualScripting.Flow: 4d2df397ac60e503b2d686d593da85ca -> 75a191dbe8e7752d5f00dcbdc2e427f3
  custom:scripting/monoscript/fileName/IInputControlPickerLayout.cs: be294e73c659279f0b3a534655ea4322 -> 
  custom:scripting/monoscript/fileName/HIDParser.cs: 5e6b09e173e9593382d5e79e226d6494 -> 
  custom:scripting/monoscript/fileName/InputActionTreeView.cs: f3d84e564140a344e0a57a9232bf0ccb -> 
  custom:scripting/monoscript/fileName/WindowsMR.cs: 1bb4de47cfd939e21ec4f06c3d56a563 -> 
  custom:scripting/monoscript/fileName/NameAndParameterListView.cs: 95bddb736514603e46d742676b9fb05f -> 
  custom:scripting/monoscript/fileName/ReactiveProperty.cs: 90647cc400823b41df847a6cbfc29026 -> 
  custom:scripting/monoscript/fileName/SpriteUtilities.cs: 5c000e635950e4b0a960602df9fe8ffb -> 
  custom:scripting/monoscript/fileName/InputEventBuffer.cs: 33cbaee6508a09a49b071c485ac9102d -> 
  custom:scripting/monoscript/fileName/InputSystemObject.cs: 9663811dbe13b672cf3c5764a9482504 -> 
  custom:scripting/monoscript/fileName/StateEvent.cs: ecd22adce780bc400b70e46370003b20 -> 
  custom:scripting/monoscript/fileName/EditorInputControlLayoutCache.cs: aa10f55e68ca82913364b6b44aa7f461 -> 
  custom:scripting/monoscript/fileName/InputActionImporterEditor.cs: 0050b2eb2bc3d87733c8c96c41de610b -> 
  custom:scripting/monoscript/fileName/InputEventTrace.cs: 6b04dbd582208bc1f6bf78a5481b91e2 -> 
  custom:scripting/monoscript/fileName/ExpressionUtils.cs: 013fd47e1c2b83228144928557c1ba49 -> 
  custom:scripting/monoscript/fileName/DualMotorRumble.cs: a5c6abaf1032f7b942e62506711d90ba -> 
  custom:scripting/monoscript/fileName/WebGLJoystick.cs: a371b63b19b599ea436e51a8622ae305 -> 
  custom:scripting/monoscript/fileName/InputActionPropertyDrawer.cs: 19280eef7f6d2b681e448dc21fd2c314 -> 
  custom:scripting/monoscript/fileName/ButtonControl.cs: 5be55aef70c0999215c87b2ebada03bb -> 
  custom:scripting/monoscript/fileName/RemoteInputPlayerConnection.cs: 959b7c9f720d36172770da64f623d8a3 -> 
  custom:scripting/monoscript/fileName/InputTestFixture.cs: 11f95b08f956d0e0534e403aaea3e0cf -> 
  custom:scripting/monoscript/fileName/Joystick.cs: 1a1d9a9cba7940fed9939f7306abee3f -> 
  custom:scripting/monoscript/fileName/AdvancedDropdownState.cs: f58f4f7e4985491ab3d781ef1400a71e -> 
  custom:scripting/monoscript/fileName/EnableIMECompositionCommand.cs: 442c712f29199433589d44a5aa77b265 -> 
  custom:scripting/monoscript/fileName/IXboxOneRumble.cs: 1ff76612acedabce48adac10ccc4ff22 -> 
  custom:scripting/monoscript/fileName/InputSettingsBuildProvider.cs: 5d0bda9b4dc3704476fdb73c6130f785 -> 
  custom:scripting/monoscript/fileName/Mouse.cs: 51f1aeae346f8ba35ce1eae4cd718ea3 -> 
  custom:scripting/monoscript/fileName/IMECompositionEvent.cs: 17f069477bc4d20ba49d87cb5179ba0d -> 
  custom:scripting/monoscript/fileName/NameAndParameters.cs: 2a9078e35e9bfc491ba2ffb3455b3236 -> 
  custom:scripting/monoscript/fileName/AdvancedDropdown.cs: fa69d35a411c6393fda2fd8d798192e5 -> 
  custom:scripting/monoscript/fileName/AdvancedDropdownWindow.cs: 235b2f05f0f17c166eb77c8d57102337 -> 
  custom:scripting/monoscript/fileName/DeltaControl.cs: 6b397435e9b765e741337a7982e0568f -> 
  custom:scripting/monoscript/fileName/ResetBool.cs: 62ba042c97fa4c41eb684a39390f2601 -> 
  custom:scripting/monoscript/fileName/InputSettingsiOS.cs: eec21a0f4c50ceb1dd70fcff7ed2d8ce -> 
  custom:audio-encoder-webm-vorbis: bf7c407c2cedff20999df2af8eb42d56 -> 
  custom:scripting/monoscript/fileName/PropertiesViewBase.cs: ab4a9abc2367374ef408b77c20b6af94 -> 
  custom:scripting/monoscript/fileName/GUIHelpers.cs: 60ae23a9fa510a6b46396be7f79ede40 -> 
  custom:scripting/monoscript/fileName/DiscreteButtonControl.cs: dfa90d972c30096c4f7b7c1be2abf41d -> 
  custom:scripting/precompiled-assembly-types:Assembly-CSharp-Editor: e6d5a6118c37693d36b0d4cbb813eec2 -> 
  custom:scripting/monoscript/fileName/QueryDimensionsCommand.cs: 9dede612b2efbec178dc9289429b384b -> 
  custom:scripting/monoscript/fileName/DoubleControl.cs: 0e8ba0ca87f759d63baeef89535dfd87 -> 
  custom:scripting/monoscript/fileName/QueryKeyboardLayoutCommand.cs: 202a87fda801e4aee6e91befbd89e701 -> 
  custom:scripting/monoscript/fileName/InputStateHistory.cs: 9771bbe5c5afd534a9dc0f8e8f60ae99 -> 
  custom:scripting/monoscript/fileName/TreeViewHelpers.cs: cf522364eff518ecfcf0cf468392474e -> 
  custom:scripting/monoscript/fileName/MaterialTilingOffset.cs: 177870a57c6ddea286fd7c7bf34bf1b7 -> 
  custom:scripting/monoscript/fileName/InputValue.cs: 5e873095f1f8f449ce71f7ae265ebfc7 -> 
  custom:scripting/monoscript/fileName/InputActionParameters.cs: 8ec6cd02063bce29fc5f16aa6f97020d -> 
  custom:scripting/monoscript/fileName/InputActionEditorToolbar.cs: 862861ded96be9597dde3c6213c9500e -> 
  custom:scripting/monoscript/fileName/InputSystemUIInputModule.cs: 7c711937d8f4dbfd5b13401c6051fc58 -> 
  custom:scripting/monoscript/fileName/IInputDiagnostics.cs: ea6330d075ac249db017e93904b1906b -> 
  custom:scripting/monoscript/fileName/ArrayHelpers.cs: 7478d3b887e0c3afe312a1585d7ab77d -> 
  custom:scripting/monoscript/fileName/InputControlPath.cs: bc2fac94a36cbab9b49a74e253baa4f5 -> 
  custom:scripting/monoscript/fileName/DynamicBitfield.cs: 340e19ce1cb6f81a8185cbb2bbc79160 -> 
  custom:scripting/monoscript/fileName/CompensateDirectionProcessor.cs: 8b43e411f5b52e59e2993a5277f0d2e2 -> 
  custom:scripting/monoscript/fileName/DeviceRemoveEvent.cs: 33979af4133f057c53fed833232d5335 -> 
  custom:scripting/monoscript/fileName/FastKeyboard.cs: 517b983862044be24636f4f20b4c6b8c -> 
  custom:scripting/monoscript/fileName/OSXSupport.cs: 63316ac61e481390e31b5b83b851ef9a -> 
  custom:scripting/monoscript/fileName/SendHapticImpulseCommand.cs: f861e3878e1b38fdc5e7357d87264e9e -> 
  custom:scripting/precompiled-assembly-types:Assembly-CSharp: ed5704cbac311d3f2bd8077a9874872e -> e096885cdf979ec73f995100d6bd38a4
  custom:scripting/monoscript/fileName/CompensateRotationProcessor.cs: d5a3722c29051a4adb0efee7e4989a0c -> 
  custom:scripting/monoscript/fileName/InputAction_DirectConverter.cs: 10397d04d305c6e7d90b09edbb081ce9 -> 
  custom:scripting/monoscript/fileName/DeviceResetEvent.cs: 7e1e07844ad3da9d24238e0ee1f42c17 -> 
  custom:scripting/monoscript/fileName/IInputStateCallbackReceiver.cs: 186de0ed698901e9bd4fe43876d2eb6b -> 
  custom:scripting/monoscript/fileName/InputBindingResolver.cs: 5c7308cba04403c2ec02473a20595c74 -> 
  custom:scripting/monoscript/fileName/PlayerInputManagerEditor.cs: 373859aaf721662fa2d3a5008109e828 -> 
  custom:scripting/monoscript/fileName/WebGLGamepad.cs: 38d4094cfcfa00e7b8f84db2e77d746c -> 
  custom:scripting/monoscript/fileName/InputManagerStateMonitors.cs: dea24e3da8b083e8a28641430520c9c0 -> 
  custom:scripting/monoscript/fileName/InputBindingPropertiesView.cs: c3a43f9e3c4cf814c7eae92d616bfbaf -> 
  custom:scripting/monoscript/fileName/InputState.cs: aac8577aed515a34370fbda6b0c1e20e -> 
  custom:scripting/precompiled-assembly-types:Unity.VisualScripting.Flow.Editor: 9dc10557bb411f3c316cda99b5c7d89e -> 7e702f72748160b555b7af74aadbd316
